2025-07-13 23:43:50,505 - __main__ - INFO - Starting macropad service...
2025-07-13 23:43:50,526 - __main__ - INFO - Connected to COM3
2025-07-13 23:46:10,196 - __main__ - INFO - Starting macropad service...
2025-07-13 23:46:10,217 - __main__ - INFO - Connected to COM3
2025-07-13 23:46:12,712 - __main__ - DEBUG - Received: ENTER
2025-07-13 23:46:12,814 - __main__ - DEBUG - Simulated ENTER press
2025-07-13 23:46:13,378 - __main__ - DEBUG - Received: ENTER
2025-07-13 23:46:13,480 - __main__ - DEBUG - Simulated ENTER press
2025-07-13 23:46:13,864 - __main__ - DEBUG - Received: ENTER
2025-07-13 23:46:13,967 - __main__ - DEBUG - Simulated ENTER press
2025-07-13 23:46:14,245 - __main__ - DEBUG - Received: ENTER
2025-07-13 23:46:14,347 - __main__ - DEBUG - Simulated ENTER press
2025-07-13 23:46:15,096 - __main__ - DEBUG - Received: ENTER
2025-07-13 23:46:15,198 - __main__ - DEBUG - Simulated ENTER press
2025-07-13 23:46:16,360 - __main__ - DEBUG - Received: ENTER
2025-07-13 23:46:16,541 - __main__ - DEBUG - Simulated ENTER press
2025-07-13 23:46:19,051 - __main__ - DEBUG - Received: ENTER
2025-07-13 23:46:19,152 - __main__ - DEBUG - Simulated ENTER press
2025-07-13 23:46:19,475 - __main__ - DEBUG - Received: ENTER
2025-07-13 23:46:19,577 - __main__ - DEBUG - Simulated ENTER press
2025-07-13 23:46:19,828 - __main__ - DEBUG - Received: ENTER
2025-07-13 23:46:19,930 - __main__ - DEBUG - Simulated ENTER press
2025-07-13 23:46:20,153 - __main__ - DEBUG - Received: ENTER
2025-07-13 23:46:20,255 - __main__ - DEBUG - Simulated ENTER press
2025-07-13 23:46:22,778 - __main__ - DEBUG - Received: ENTER
2025-07-13 23:46:22,879 - __main__ - DEBUG - Simulated ENTER press
2025-07-13 23:46:23,139 - __main__ - DEBUG - Received: ENTER
2025-07-13 23:46:23,241 - __main__ - DEBUG - Simulated ENTER press
2025-07-13 23:46:23,328 - __main__ - DEBUG - Received: ENTER
2025-07-13 23:46:23,430 - __main__ - DEBUG - Simulated ENTER press
2025-07-13 23:46:23,512 - __main__ - DEBUG - Received: ENTER
2025-07-13 23:46:23,613 - __main__ - DEBUG - Simulated ENTER press
2025-07-13 23:46:23,682 - __main__ - DEBUG - Received: ENTER
2025-07-13 23:46:23,783 - __main__ - DEBUG - Simulated ENTER press
2025-07-13 23:46:23,854 - __main__ - DEBUG - Received: ENTER
2025-07-13 23:46:23,955 - __main__ - DEBUG - Simulated ENTER press
2025-07-13 23:46:24,028 - __main__ - DEBUG - Received: ENTER
2025-07-13 23:46:24,129 - __main__ - DEBUG - Simulated ENTER press
2025-07-13 23:46:26,721 - __main__ - DEBUG - Received: ENTER
2025-07-13 23:46:26,823 - __main__ - DEBUG - Simulated ENTER press
2025-07-13 23:46:27,059 - __main__ - DEBUG - Received: ENTER
2025-07-13 23:46:27,161 - __main__ - DEBUG - Simulated ENTER press
2025-07-13 23:46:27,161 - __main__ - DEBUG - Received: ENTER
2025-07-13 23:46:27,262 - __main__ - DEBUG - Simulated ENTER press
2025-07-13 23:46:27,304 - __main__ - DEBUG - Received: ENTER
2025-07-13 23:46:27,405 - __main__ - DEBUG - Simulated ENTER press
2025-07-13 23:46:28,426 - __main__ - DEBUG - Received: ENTER
2025-07-13 23:46:28,527 - __main__ - DEBUG - Simulated ENTER press
2025-07-13 23:46:29,007 - __main__ - DEBUG - Received: ENTER
2025-07-13 23:46:29,108 - __main__ - DEBUG - Simulated ENTER press
2025-07-13 23:46:29,400 - __main__ - DEBUG - Received: ENTER
2025-07-13 23:46:29,501 - __main__ - DEBUG - Simulated ENTER press
2025-07-13 23:46:29,876 - __main__ - DEBUG - Received: ENTER
2025-07-13 23:46:29,979 - __main__ - DEBUG - Simulated ENTER press
2025-07-13 23:46:30,463 - __main__ - DEBUG - Received: ENTER
2025-07-13 23:46:30,565 - __main__ - DEBUG - Simulated ENTER press
2025-07-13 23:46:30,646 - __main__ - DEBUG - Received: ENTER
2025-07-13 23:46:30,747 - __main__ - DEBUG - Simulated ENTER press
2025-07-13 23:46:30,838 - __main__ - DEBUG - Received: ENTER
2025-07-13 23:46:30,939 - __main__ - DEBUG - Simulated ENTER press
2025-07-13 23:46:30,997 - __main__ - DEBUG - Received: ENTER
2025-07-13 23:46:31,098 - __main__ - DEBUG - Simulated ENTER press
2025-07-13 23:46:31,153 - __main__ - DEBUG - Received: ENTER
2025-07-13 23:46:31,254 - __main__ - DEBUG - Simulated ENTER press
2025-07-13 23:46:32,288 - __main__ - DEBUG - Received: ENTER
2025-07-13 23:46:32,390 - __main__ - DEBUG - Simulated ENTER press
2025-07-13 23:46:32,471 - __main__ - DEBUG - Received: ENTER
2025-07-13 23:46:32,573 - __main__ - DEBUG - Simulated ENTER press
2025-07-13 23:46:33,444 - __main__ - DEBUG - Received: ENTER
2025-07-13 23:46:33,546 - __main__ - DEBUG - Simulated ENTER press
2025-07-13 23:46:33,753 - __main__ - DEBUG - Received: ENTER
2025-07-13 23:46:33,856 - __main__ - DEBUG - Simulated ENTER press
2025-07-13 23:46:34,012 - __main__ - DEBUG - Received: ENTER
2025-07-13 23:46:34,114 - __main__ - DEBUG - Simulated ENTER press
2025-07-13 23:46:34,241 - __main__ - DEBUG - Received: ENTER
2025-07-13 23:46:34,343 - __main__ - DEBUG - Simulated ENTER press
2025-07-13 23:46:34,485 - __main__ - DEBUG - Received: ENTER
2025-07-13 23:46:34,586 - __main__ - DEBUG - Simulated ENTER press
2025-07-13 23:46:34,723 - __main__ - DEBUG - Received: ENTER
2025-07-13 23:46:34,824 - __main__ - DEBUG - Simulated ENTER press
2025-07-13 23:46:34,932 - __main__ - DEBUG - Received: ENTER
2025-07-13 23:46:35,033 - __main__ - DEBUG - Simulated ENTER press
2025-07-13 23:46:35,033 - __main__ - DEBUG - Received: ENTER
2025-07-13 23:46:35,134 - __main__ - DEBUG - Simulated ENTER press
2025-07-13 23:46:35,154 - __main__ - DEBUG - Received: ENTER
2025-07-13 23:46:35,256 - __main__ - DEBUG - Simulated ENTER press
2025-07-13 23:46:35,358 - __main__ - DEBUG - Received: ENTER
2025-07-13 23:46:35,460 - __main__ - DEBUG - Simulated ENTER press
2025-07-13 23:46:35,588 - __main__ - DEBUG - Received: ENTER
2025-07-13 23:46:35,690 - __main__ - DEBUG - Simulated ENTER press
2025-07-13 23:46:36,295 - __main__ - DEBUG - Received: ENTER
2025-07-13 23:46:36,395 - __main__ - DEBUG - Simulated ENTER press
2025-07-13 23:46:40,794 - __main__ - DEBUG - Received: ENTER
2025-07-13 23:46:40,896 - __main__ - DEBUG - Simulated ENTER press
2025-07-13 23:51:09,307 - __main__ - INFO - Starting macropad service...
2025-07-13 23:51:10,087 - __main__ - INFO - Connected to COM3
2025-07-13 23:51:14,534 - __main__ - DEBUG - Received: MEDIA_PLAY_PAUSE
2025-07-13 23:55:39,920 - __main__ - INFO - Service stopped by user
2025-07-13 23:55:39,925 - __main__ - INFO - Serial port closed
2025-07-13 23:55:41,026 - __main__ - INFO - Starting macropad service...
2025-07-13 23:55:41,042 - __main__ - INFO - Connected to COM3
2025-07-13 23:55:44,250 - __main__ - DEBUG - Received: MEDIA_PLAY_PAUSE
2025-07-13 23:55:44,351 - __main__ - DEBUG - Simulated MEDIA_PLAY_PAUSE press
2025-07-13 23:55:45,902 - __main__ - DEBUG - Received: MEDIA_PLAY_PAUSE
2025-07-13 23:55:46,003 - __main__ - DEBUG - Simulated MEDIA_PLAY_PAUSE press
2025-07-13 23:55:46,554 - __main__ - DEBUG - Received: MEDIA_PLAY_PAUSE
2025-07-13 23:55:46,655 - __main__ - DEBUG - Simulated MEDIA_PLAY_PAUSE press
2025-07-13 23:55:46,996 - __main__ - DEBUG - Received: MEDIA_PLAY_PAUSE
2025-07-13 23:55:47,097 - __main__ - DEBUG - Simulated MEDIA_PLAY_PAUSE press
2025-07-13 23:55:47,313 - __main__ - DEBUG - Received: MEDIA_PLAY_PAUSE
2025-07-13 23:55:47,414 - __main__ - DEBUG - Simulated MEDIA_PLAY_PAUSE press
2025-07-13 23:55:47,524 - __main__ - DEBUG - Received: MEDIA_PLAY_PAUSE
2025-07-13 23:55:47,624 - __main__ - DEBUG - Simulated MEDIA_PLAY_PAUSE press
2025-07-13 23:55:47,697 - __main__ - DEBUG - Received: MEDIA_PLAY_PAUSE
2025-07-13 23:55:47,798 - __main__ - DEBUG - Simulated MEDIA_PLAY_PAUSE press
2025-07-13 23:55:47,871 - __main__ - DEBUG - Received: MEDIA_PLAY_PAUSE
2025-07-13 23:55:47,971 - __main__ - DEBUG - Simulated MEDIA_PLAY_PAUSE press
2025-07-13 23:55:48,042 - __main__ - DEBUG - Received: MEDIA_PLAY_PAUSE
2025-07-13 23:55:48,143 - __main__ - DEBUG - Simulated MEDIA_PLAY_PAUSE press
2025-07-13 23:55:48,220 - __main__ - DEBUG - Received: MEDIA_PLAY_PAUSE
2025-07-13 23:55:48,320 - __main__ - DEBUG - Simulated MEDIA_PLAY_PAUSE press
2025-07-13 23:55:49,018 - __main__ - DEBUG - Received: MEDIA_PLAY_PAUSE
2025-07-13 23:55:49,119 - __main__ - DEBUG - Simulated MEDIA_PLAY_PAUSE press
2025-07-13 23:55:49,693 - __main__ - DEBUG - Received: MEDIA_PLAY_PAUSE
2025-07-13 23:55:49,794 - __main__ - DEBUG - Simulated MEDIA_PLAY_PAUSE press
2025-07-13 23:55:50,306 - __main__ - DEBUG - Received: MEDIA_PLAY_PAUSE
2025-07-13 23:55:50,407 - __main__ - DEBUG - Simulated MEDIA_PLAY_PAUSE press
2025-07-13 23:55:50,694 - __main__ - DEBUG - Received: MEDIA_PLAY_PAUSE
2025-07-13 23:55:50,796 - __main__ - DEBUG - Simulated MEDIA_PLAY_PAUSE press
2025-07-13 23:55:53,559 - __main__ - DEBUG - Received: MEDIA_PLAY_PAUSE
2025-07-13 23:55:53,660 - __main__ - DEBUG - Simulated MEDIA_PLAY_PAUSE press
2025-07-13 23:55:54,475 - __main__ - DEBUG - Received: MEDIA_PLAY_PAUSE
2025-07-13 23:55:54,576 - __main__ - DEBUG - Simulated MEDIA_PLAY_PAUSE press
2025-07-13 23:55:55,052 - __main__ - DEBUG - Received: MEDIA_PLAY_PAUSE
2025-07-13 23:55:55,152 - __main__ - DEBUG - Simulated MEDIA_PLAY_PAUSE press
2025-07-13 23:55:55,306 - __main__ - DEBUG - Received: MEDIA_PLAY_PAUSE
2025-07-13 23:55:55,407 - __main__ - DEBUG - Simulated MEDIA_PLAY_PAUSE press
2025-07-13 23:57:55,330 - __main__ - DEBUG - Received: MEDIA_PLAY_PAUSE
2025-07-13 23:57:55,431 - __main__ - DEBUG - Simulated MEDIA_PLAY_PAUSE press
2025-07-13 23:57:56,610 - __main__ - DEBUG - Received: MEDIA_PLAY_PAUSE
2025-07-13 23:57:56,711 - __main__ - DEBUG - Simulated MEDIA_PLAY_PAUSE press
2025-07-13 23:57:56,867 - __main__ - DEBUG - Received: MEDIA_PLAY_PAUSE
2025-07-13 23:57:56,967 - __main__ - DEBUG - Simulated MEDIA_PLAY_PAUSE press
2025-07-13 23:57:57,089 - __main__ - DEBUG - Received: MEDIA_PLAY_PAUSE
2025-07-13 23:57:57,190 - __main__ - DEBUG - Simulated MEDIA_PLAY_PAUSE press
2025-07-13 23:57:57,253 - __main__ - DEBUG - Received: MEDIA_PLAY_PAUSE
2025-07-13 23:57:57,354 - __main__ - DEBUG - Simulated MEDIA_PLAY_PAUSE press
2025-07-13 23:57:57,421 - __main__ - DEBUG - Received: MEDIA_PLAY_PAUSE
2025-07-13 23:57:57,522 - __main__ - DEBUG - Simulated MEDIA_PLAY_PAUSE press
2025-07-13 23:57:58,077 - __main__ - DEBUG - Received: MEDIA_PLAY_PAUSE
2025-07-13 23:57:58,177 - __main__ - DEBUG - Simulated MEDIA_PLAY_PAUSE press
2025-07-13 23:57:58,507 - __main__ - DEBUG - Received: MEDIA_PLAY_PAUSE
2025-07-13 23:57:58,608 - __main__ - DEBUG - Simulated MEDIA_PLAY_PAUSE press
2025-07-13 23:57:58,987 - __main__ - DEBUG - Received: MEDIA_PLAY_PAUSE
2025-07-13 23:57:59,088 - __main__ - DEBUG - Simulated MEDIA_PLAY_PAUSE press
2025-07-13 23:57:59,421 - __main__ - DEBUG - Received: MEDIA_PLAY_PAUSE
2025-07-13 23:57:59,522 - __main__ - DEBUG - Simulated MEDIA_PLAY_PAUSE press
2025-07-13 23:58:42,490 - __main__ - DEBUG - Received: MEDIA_PLAY_PAUSE
2025-07-13 23:58:42,590 - __main__ - DEBUG - Simulated MEDIA_PLAY_PAUSE press
2025-07-13 23:58:42,889 - __main__ - DEBUG - Received: MEDIA_PLAY_PAUSE
2025-07-13 23:58:42,989 - __main__ - DEBUG - Simulated MEDIA_PLAY_PAUSE press
2025-07-13 23:58:43,616 - __main__ - DEBUG - Received: MEDIA_PLAY_PAUSE
2025-07-13 23:58:43,716 - __main__ - DEBUG - Simulated MEDIA_PLAY_PAUSE press
2025-07-13 23:58:43,838 - __main__ - DEBUG - Received: MEDIA_PLAY_PAUSE
2025-07-13 23:58:43,939 - __main__ - DEBUG - Simulated MEDIA_PLAY_PAUSE press
2025-07-13 23:58:44,539 - __main__ - DEBUG - Received: MEDIA_PLAY_PAUSE
2025-07-13 23:58:44,640 - __main__ - DEBUG - Simulated MEDIA_PLAY_PAUSE press
2025-07-13 23:58:44,771 - __main__ - DEBUG - Received: MEDIA_PLAY_PAUSE
2025-07-13 23:58:44,872 - __main__ - DEBUG - Simulated MEDIA_PLAY_PAUSE press
2025-07-13 23:58:45,329 - __main__ - DEBUG - Received: MEDIA_PLAY_PAUSE
2025-07-13 23:58:45,430 - __main__ - DEBUG - Simulated MEDIA_PLAY_PAUSE press
2025-07-13 23:58:45,510 - __main__ - DEBUG - Received: MEDIA_PLAY_PAUSE
2025-07-13 23:58:45,611 - __main__ - DEBUG - Simulated MEDIA_PLAY_PAUSE press
2025-07-13 23:58:46,887 - __main__ - DEBUG - Received: MEDIA_PLAY_PAUSE
2025-07-13 23:58:46,988 - __main__ - DEBUG - Simulated MEDIA_PLAY_PAUSE press
2025-07-13 23:58:47,209 - __main__ - DEBUG - Received: MEDIA_PLAY_PAUSE
2025-07-13 23:58:47,310 - __main__ - DEBUG - Simulated MEDIA_PLAY_PAUSE press
2025-07-13 23:58:47,641 - __main__ - DEBUG - Received: MEDIA_PLAY_PAUSE
2025-07-13 23:58:47,742 - __main__ - DEBUG - Simulated MEDIA_PLAY_PAUSE press
2025-07-13 23:58:47,935 - __main__ - DEBUG - Received: MEDIA_PLAY_PAUSE
2025-07-13 23:58:48,036 - __main__ - DEBUG - Simulated MEDIA_PLAY_PAUSE press
2025-07-13 23:58:48,396 - __main__ - DEBUG - Received: MEDIA_PLAY_PAUSE
2025-07-13 23:58:48,497 - __main__ - DEBUG - Simulated MEDIA_PLAY_PAUSE press
2025-07-13 23:58:48,628 - __main__ - DEBUG - Received: MEDIA_PLAY_PAUSE
2025-07-13 23:58:48,729 - __main__ - DEBUG - Simulated MEDIA_PLAY_PAUSE press
2025-07-13 23:58:48,773 - __main__ - DEBUG - Received: MEDIA_PLAY_PAUSE
2025-07-13 23:58:48,875 - __main__ - DEBUG - Simulated MEDIA_PLAY_PAUSE press
2025-07-13 23:58:48,948 - __main__ - DEBUG - Received: MEDIA_PLAY_PAUSE
2025-07-13 23:58:49,049 - __main__ - DEBUG - Simulated MEDIA_PLAY_PAUSE press
2025-07-13 23:58:49,112 - __main__ - DEBUG - Received: MEDIA_PLAY_PAUSE
2025-07-13 23:58:49,214 - __main__ - DEBUG - Simulated MEDIA_PLAY_PAUSE press
2025-07-13 23:58:49,293 - __main__ - DEBUG - Received: MEDIA_PLAY_PAUSE
2025-07-13 23:58:49,394 - __main__ - DEBUG - Simulated MEDIA_PLAY_PAUSE press
2025-07-14 00:24:43,089 - __main__ - WARNING - Couldn't find Yandex music
2025-07-14 00:24:46,885 - __main__ - WARNING - Couldn't find Yandex music
2025-07-14 00:24:48,226 - __main__ - WARNING - Couldn't find Yandex music
2025-07-14 00:24:52,886 - __main__ - WARNING - Couldn't find Yandex music
2025-07-14 00:24:54,769 - __main__ - WARNING - Couldn't find Yandex music
2025-07-14 00:24:55,108 - __main__ - INFO - Found Yandex music window
2025-07-14 00:25:10,657 - __main__ - WARNING - Couldn't find Yandex music
2025-07-14 00:25:14,535 - __main__ - WARNING - Couldn't find Yandex music
2025-07-14 00:25:16,741 - __main__ - WARNING - Couldn't find Yandex music
2025-07-14 00:25:21,754 - __main__ - WARNING - Couldn't find Yandex music
2025-07-14 00:25:28,263 - __main__ - WARNING - Couldn't find Yandex music
2025-07-14 00:25:40,573 - __main__ - INFO - Found Yandex music window
2025-07-14 00:26:50,890 - __main__ - WARNING - Couldn't find Yandex music
2025-07-14 00:26:50,890 - __main__ - WARNING - Couldn't find Yandex music
2025-07-14 00:26:50,890 - __main__ - WARNING - Couldn't find Yandex music
2025-07-14 00:26:50,890 - __main__ - WARNING - Couldn't find Yandex music
2025-07-14 00:26:50,891 - __main__ - WARNING - Couldn't find Yandex music
2025-07-14 00:26:53,527 - __main__ - INFO - Found Yandex music window
2025-07-14 00:27:53,727 - __main__ - WARNING - Couldn't find Yandex music
2025-07-14 00:28:01,226 - __main__ - WARNING - Couldn't find Yandex music
2025-07-14 00:31:34,893 - __main__ - WARNING - Couldn't find Yandex music
2025-07-14 00:36:34,498 - __main__ - ERROR - Не удалось найти окно Яндекс.Музыки
2025-07-14 00:39:52,822 - __main__ - INFO - Активировал окно Яндекс.Музыки
2025-07-14 00:39:52,924 - __main__ - INFO - Отправил клавишу K
2025-07-14 00:39:52,924 - __main__ - INFO - Вернул фокус в предыдущее окно
2025-07-14 00:40:06,435 - __main__ - INFO - Активировал окно Яндекс.Музыки
2025-07-14 00:40:39,374 - __main__ - INFO - Вернул фокус в предыдущее окно
2025-07-14 00:40:46,707 - __main__ - INFO - Активировал окно Яндекс.Музыки
2025-07-14 00:40:47,108 - __main__ - INFO - Отправил клавишу K
2025-07-14 00:40:47,109 - __main__ - INFO - Вернул фокус в предыдущее окно
2025-07-14 00:40:54,306 - __main__ - INFO - Активировал окно Яндекс.Музыки
2025-07-14 00:40:54,707 - __main__ - INFO - Отправил клавишу K
2025-07-14 00:40:54,707 - __main__ - INFO - Вернул фокус в предыдущее окно
2025-07-14 00:41:00,472 - __main__ - INFO - Активировал окно Яндекс.Музыки
2025-07-14 00:41:00,873 - __main__ - INFO - Отправил клавишу K
2025-07-14 00:41:00,873 - __main__ - INFO - Вернул фокус в предыдущее окно
2025-07-14 00:41:58,724 - __main__ - INFO - Активировал окно Яндекс.Музыки
2025-07-14 00:41:59,125 - __main__ - INFO - Отправил клавишу K
2025-07-14 00:41:59,125 - __main__ - INFO - Вернул фокус в предыдущее окно
2025-07-14 00:41:59,126 - __main__ - INFO - Активировал окно Яндекс.Музыки
2025-07-14 00:41:59,527 - __main__ - INFO - Отправил клавишу K
2025-07-14 00:42:06,873 - __main__ - INFO - Активировал окно Яндекс.Музыки
2025-07-14 00:42:07,274 - __main__ - INFO - Отправил клавишу K
2025-07-14 00:42:07,275 - __main__ - INFO - Вернул фокус в предыдущее окно
2025-07-14 00:42:07,275 - __main__ - INFO - Активировал окно Яндекс.Музыки
2025-07-14 00:42:07,676 - __main__ - INFO - Отправил клавишу K
2025-07-14 00:42:07,677 - __main__ - INFO - Вернул фокус в предыдущее окно
2025-07-14 00:42:22,663 - __main__ - INFO - Активировал окно Яндекс.Музыки
2025-07-14 00:42:23,063 - __main__ - INFO - Отправил клавишу K
2025-07-14 00:42:23,064 - __main__ - INFO - Вернул фокус в предыдущее окно
2025-07-14 00:42:23,064 - __main__ - INFO - Активировал окно Яндекс.Музыки
2025-07-14 00:42:23,466 - __main__ - INFO - Отправил клавишу K
2025-07-14 00:42:28,864 - __main__ - INFO - Активировал окно Яндекс.Музыки
2025-07-14 00:42:29,264 - __main__ - INFO - Отправил клавишу K
2025-07-14 00:42:29,264 - __main__ - INFO - Вернул фокус в предыдущее окно
2025-07-14 00:42:29,264 - __main__ - INFO - Активировал окно Яндекс.Музыки
2025-07-14 00:42:29,665 - __main__ - INFO - Отправил клавишу K
2025-07-14 00:42:29,665 - __main__ - INFO - Вернул фокус в предыдущее окно
2025-07-14 00:42:39,466 - __main__ - INFO - Активировал окно Яндекс.Музыки
2025-07-14 00:42:39,868 - __main__ - INFO - Отправил клавишу K
2025-07-14 00:42:39,868 - __main__ - INFO - Вернул фокус в предыдущее окно
2025-07-14 00:42:39,868 - __main__ - INFO - Активировал окно Яндекс.Музыки
2025-07-14 00:42:40,269 - __main__ - INFO - Отправил клавишу K
2025-07-14 00:42:40,269 - __main__ - INFO - Вернул фокус в предыдущее окно
2025-07-14 00:42:42,112 - __main__ - INFO - Активировал окно Яндекс.Музыки
2025-07-14 00:42:42,512 - __main__ - INFO - Отправил клавишу K
2025-07-14 00:42:42,512 - __main__ - INFO - Вернул фокус в предыдущее окно
2025-07-14 00:42:42,512 - __main__ - INFO - Активировал окно Яндекс.Музыки
2025-07-14 00:42:42,914 - __main__ - INFO - Отправил клавишу K
2025-07-14 00:42:42,914 - __main__ - INFO - Вернул фокус в предыдущее окно
2025-07-14 00:42:43,910 - __main__ - INFO - Активировал окно Яндекс.Музыки
2025-07-14 00:42:44,311 - __main__ - INFO - Отправил клавишу K
2025-07-14 00:42:44,311 - __main__ - INFO - Вернул фокус в предыдущее окно
2025-07-14 00:42:44,311 - __main__ - INFO - Активировал окно Яндекс.Музыки
2025-07-14 00:42:44,712 - __main__ - INFO - Отправил клавишу K
2025-07-14 00:42:44,712 - __main__ - INFO - Вернул фокус в предыдущее окно
2025-07-14 01:09:44,243 - __main__ - INFO - Saved current window
2025-07-14 01:09:44,243 - __main__ - INFO - Starting macropad service...
2025-07-14 01:09:46,327 - __main__ - INFO - Connected to COM3
2025-07-14 01:10:15,330 - __main__ - INFO - Service stopped by user
2025-07-14 01:10:15,335 - __main__ - INFO - Serial port closed
2025-07-14 01:10:29,620 - __main__ - INFO - Saved current window
2025-07-14 01:10:29,621 - __main__ - INFO - Starting macropad service...
2025-07-14 01:10:29,642 - __main__ - INFO - Connected to COM3
2025-07-14 01:12:18,314 - __main__ - INFO - Service stopped by user
2025-07-14 01:12:18,319 - __main__ - INFO - Serial port closed
2025-07-14 01:12:18,347 - __main__ - INFO - Активировал окно Яндекс.Музыки
2025-07-14 01:12:23,552 - __main__ - INFO - Saved current window
2025-07-14 01:12:23,552 - __main__ - INFO - Starting macropad service...
2025-07-14 01:12:23,567 - __main__ - INFO - Connected to COM3
2025-07-14 01:12:27,315 - __main__ - DEBUG - Received: MEDIA_PLAY_PAUSE
2025-07-14 01:12:27,331 - __main__ - INFO - Активировал окно Яндекс.Музыки
2025-07-14 01:12:27,835 - __main__ - DEBUG - Simulated MEDIA_PLAY_PAUSE press
2025-07-14 01:12:27,835 - __main__ - INFO - Вернул фокус в предыдущее окно
2025-07-14 01:12:28,817 - __main__ - DEBUG - Received: MEDIA_PLAY_PAUSE
2025-07-14 01:12:28,817 - __main__ - INFO - Активировал окно Яндекс.Музыки
2025-07-14 01:12:29,319 - __main__ - DEBUG - Simulated MEDIA_PLAY_PAUSE press
2025-07-14 01:12:29,319 - __main__ - INFO - Вернул фокус в предыдущее окно
2025-07-14 01:12:30,851 - __main__ - DEBUG - Received: MEDIA_PLAY_PAUSE
2025-07-14 01:12:30,851 - __main__ - INFO - Активировал окно Яндекс.Музыки
2025-07-14 01:12:31,353 - __main__ - DEBUG - Simulated MEDIA_PLAY_PAUSE press
2025-07-14 01:12:31,353 - __main__ - INFO - Вернул фокус в предыдущее окно
2025-07-14 01:12:32,088 - __main__ - DEBUG - Received: MEDIA_PLAY_PAUSE
2025-07-14 01:12:32,088 - __main__ - INFO - Активировал окно Яндекс.Музыки
2025-07-14 01:12:32,592 - __main__ - DEBUG - Simulated MEDIA_PLAY_PAUSE press
2025-07-14 01:12:32,592 - __main__ - INFO - Вернул фокус в предыдущее окно
2025-07-14 01:12:33,643 - __main__ - DEBUG - Received: MEDIA_PLAY_PAUSE
2025-07-14 01:12:33,643 - __main__ - INFO - Активировал окно Яндекс.Музыки
2025-07-14 01:12:34,144 - __main__ - DEBUG - Simulated MEDIA_PLAY_PAUSE press
2025-07-14 01:12:34,144 - __main__ - INFO - Вернул фокус в предыдущее окно
2025-07-14 01:12:37,774 - __main__ - DEBUG - Received: MEDIA_PLAY_PAUSE
2025-07-14 01:12:37,775 - __main__ - INFO - Активировал окно Яндекс.Музыки
2025-07-14 01:12:38,278 - __main__ - DEBUG - Simulated MEDIA_PLAY_PAUSE press
2025-07-14 01:12:38,278 - __main__ - INFO - Вернул фокус в предыдущее окно
2025-07-14 01:12:39,144 - __main__ - DEBUG - Received: MEDIA_PLAY_PAUSE
2025-07-14 01:12:39,144 - __main__ - INFO - Активировал окно Яндекс.Музыки
2025-07-14 01:12:39,646 - __main__ - DEBUG - Simulated MEDIA_PLAY_PAUSE press
2025-07-14 01:12:39,646 - __main__ - INFO - Вернул фокус в предыдущее окно
2025-07-14 01:12:42,350 - __main__ - DEBUG - Received: MEDIA_PLAY_PAUSE
2025-07-14 01:12:42,350 - __main__ - INFO - Активировал окно Яндекс.Музыки
2025-07-14 01:12:42,852 - __main__ - DEBUG - Simulated MEDIA_PLAY_PAUSE press
2025-07-14 01:12:42,852 - __main__ - INFO - Вернул фокус в предыдущее окно
2025-07-14 01:12:47,916 - __main__ - INFO - Service stopped by user
2025-07-14 01:12:47,919 - __main__ - INFO - Serial port closed
2025-07-14 01:12:47,919 - __main__ - INFO - Saved current window
2025-07-14 01:12:47,919 - __main__ - INFO - Starting macropad service...
2025-07-14 01:12:47,935 - __main__ - INFO - Connected to COM3
2025-07-14 01:12:56,724 - __main__ - INFO - Saved current window
2025-07-14 01:12:56,724 - __main__ - INFO - Starting macropad service...
2025-07-14 01:12:56,739 - __main__ - INFO - Connected to COM3
2025-07-14 01:12:58,488 - __main__ - INFO - Saved current window
2025-07-14 01:12:58,488 - __main__ - INFO - Starting macropad service...
2025-07-14 01:12:58,502 - __main__ - INFO - Connected to COM3
2025-07-14 01:13:03,055 - __main__ - DEBUG - Received: MEDIA_PLAY_PAUSE
2025-07-14 01:13:03,055 - __main__ - INFO - Активировал окно Яндекс.Музыки
2025-07-14 01:13:03,559 - __main__ - DEBUG - Simulated MEDIA_PLAY_PAUSE press
2025-07-14 01:13:03,559 - __main__ - INFO - Вернул фокус в предыдущее окно
2025-07-14 01:13:06,350 - __main__ - DEBUG - Received: MEDIA_PLAY_PAUSE
2025-07-14 01:13:06,350 - __main__ - INFO - Активировал окно Яндекс.Музыки
2025-07-14 01:13:06,853 - __main__ - DEBUG - Simulated MEDIA_PLAY_PAUSE press
2025-07-14 01:13:06,853 - __main__ - INFO - Вернул фокус в предыдущее окно
2025-07-14 01:13:08,568 - __main__ - DEBUG - Received: MEDIA_PLAY_PAUSE
2025-07-14 01:13:08,568 - __main__ - INFO - Активировал окно Яндекс.Музыки
2025-07-14 01:13:09,071 - __main__ - DEBUG - Simulated MEDIA_PLAY_PAUSE press
2025-07-14 01:13:09,071 - __main__ - INFO - Вернул фокус в предыдущее окно
2025-07-14 01:13:09,800 - __main__ - DEBUG - Received: MEDIA_PLAY_PAUSE
2025-07-14 01:13:09,800 - __main__ - INFO - Активировал окно Яндекс.Музыки
2025-07-14 01:13:10,303 - __main__ - DEBUG - Simulated MEDIA_PLAY_PAUSE press
2025-07-14 01:13:10,303 - __main__ - INFO - Вернул фокус в предыдущее окно
2025-07-14 01:13:11,408 - __main__ - DEBUG - Received: MEDIA_PLAY_PAUSE
2025-07-14 01:13:11,408 - __main__ - INFO - Активировал окно Яндекс.Музыки
2025-07-14 01:13:11,912 - __main__ - DEBUG - Simulated MEDIA_PLAY_PAUSE press
2025-07-14 01:13:11,912 - __main__ - INFO - Вернул фокус в предыдущее окно
2025-07-14 01:13:12,392 - __main__ - DEBUG - Received: MEDIA_PLAY_PAUSE
2025-07-14 01:13:12,392 - __main__ - INFO - Активировал окно Яндекс.Музыки
2025-07-14 01:13:12,895 - __main__ - DEBUG - Simulated MEDIA_PLAY_PAUSE press
2025-07-14 01:13:12,895 - __main__ - INFO - Вернул фокус в предыдущее окно
2025-07-14 01:13:12,895 - __main__ - DEBUG - Received: MEDIA_PLAY_PAUSE
2025-07-14 01:13:12,896 - __main__ - INFO - Активировал окно Яндекс.Музыки
2025-07-14 01:13:13,398 - __main__ - DEBUG - Simulated MEDIA_PLAY_PAUSE press
2025-07-14 01:13:13,398 - __main__ - INFO - Вернул фокус в предыдущее окно
2025-07-14 01:13:13,398 - __main__ - DEBUG - Received: MEDIA_PLAY_PAUSE
2025-07-14 01:13:13,399 - __main__ - INFO - Активировал окно Яндекс.Музыки
2025-07-14 01:13:13,900 - __main__ - DEBUG - Simulated MEDIA_PLAY_PAUSE press
2025-07-14 01:13:13,900 - __main__ - INFO - Вернул фокус в предыдущее окно
2025-07-14 01:13:13,900 - __main__ - DEBUG - Received: MEDIA_PLAY_PAUSE
2025-07-14 01:13:13,900 - __main__ - INFO - Активировал окно Яндекс.Музыки
2025-07-14 01:13:14,403 - __main__ - DEBUG - Simulated MEDIA_PLAY_PAUSE press
2025-07-14 01:13:14,403 - __main__ - INFO - Вернул фокус в предыдущее окно
2025-07-14 01:13:14,403 - __main__ - DEBUG - Received: MEDIA_PLAY_PAUSE
2025-07-14 01:13:14,404 - __main__ - INFO - Активировал окно Яндекс.Музыки
2025-07-14 01:13:14,905 - __main__ - DEBUG - Simulated MEDIA_PLAY_PAUSE press
2025-07-14 01:13:14,905 - __main__ - INFO - Вернул фокус в предыдущее окно
2025-07-14 01:13:14,905 - __main__ - DEBUG - Received: MEDIA_PLAY_PAUSE
2025-07-14 01:13:14,905 - __main__ - INFO - Активировал окно Яндекс.Музыки
2025-07-14 01:13:15,410 - __main__ - DEBUG - Simulated MEDIA_PLAY_PAUSE press
2025-07-14 01:13:15,410 - __main__ - INFO - Вернул фокус в предыдущее окно
2025-07-14 01:13:15,410 - __main__ - DEBUG - Received: MEDIA_PLAY_PAUSE
2025-07-14 01:13:15,411 - __main__ - INFO - Активировал окно Яндекс.Музыки
2025-07-14 01:13:15,915 - __main__ - DEBUG - Simulated MEDIA_PLAY_PAUSE press
2025-07-14 01:13:15,915 - __main__ - INFO - Вернул фокус в предыдущее окно
2025-07-14 01:13:15,915 - __main__ - DEBUG - Received: MEDIA_PLAY_PAUSE
2025-07-14 01:13:15,916 - __main__ - INFO - Активировал окно Яндекс.Музыки
2025-07-14 01:13:16,418 - __main__ - DEBUG - Simulated MEDIA_PLAY_PAUSE press
2025-07-14 01:13:16,418 - __main__ - INFO - Вернул фокус в предыдущее окно
2025-07-14 01:13:20,619 - __main__ - DEBUG - Received: MEDIA_PLAY_PAUSE
2025-07-14 01:13:20,620 - __main__ - INFO - Активировал окно Яндекс.Музыки
2025-07-14 01:13:21,123 - __main__ - DEBUG - Simulated MEDIA_PLAY_PAUSE press
2025-07-14 01:13:21,123 - __main__ - INFO - Вернул фокус в предыдущее окно
2025-07-14 01:13:22,712 - __main__ - DEBUG - Received: MEDIA_PLAY_PAUSE
2025-07-14 01:13:22,713 - __main__ - INFO - Активировал окно Яндекс.Музыки
2025-07-14 01:13:23,216 - __main__ - DEBUG - Simulated MEDIA_PLAY_PAUSE press
2025-07-14 01:13:23,216 - __main__ - INFO - Вернул фокус в предыдущее окно
2025-07-14 01:13:24,366 - __main__ - DEBUG - Received: MEDIA_PLAY_PAUSE
2025-07-14 01:13:24,367 - __main__ - INFO - Активировал окно Яндекс.Музыки
2025-07-14 01:13:24,870 - __main__ - DEBUG - Simulated MEDIA_PLAY_PAUSE press
2025-07-14 01:13:24,870 - __main__ - INFO - Вернул фокус в предыдущее окно
2025-07-14 01:13:26,603 - __main__ - DEBUG - Received: MEDIA_PLAY_PAUSE
2025-07-14 01:13:26,604 - __main__ - INFO - Активировал окно Яндекс.Музыки
2025-07-14 01:13:27,107 - __main__ - DEBUG - Simulated MEDIA_PLAY_PAUSE press
2025-07-14 01:13:27,107 - __main__ - INFO - Вернул фокус в предыдущее окно
2025-07-14 01:13:28,000 - __main__ - DEBUG - Received: MEDIA_PLAY_PAUSE
2025-07-14 01:13:28,000 - __main__ - INFO - Активировал окно Яндекс.Музыки
2025-07-14 01:13:28,503 - __main__ - DEBUG - Simulated MEDIA_PLAY_PAUSE press
2025-07-14 01:13:28,503 - __main__ - INFO - Вернул фокус в предыдущее окно
2025-07-14 01:13:29,329 - __main__ - DEBUG - Received: MEDIA_PLAY_PAUSE
2025-07-14 01:13:29,330 - __main__ - INFO - Активировал окно Яндекс.Музыки
2025-07-14 01:13:29,833 - __main__ - DEBUG - Simulated MEDIA_PLAY_PAUSE press
2025-07-14 01:13:29,833 - __main__ - INFO - Вернул фокус в предыдущее окно
2025-07-14 01:13:31,235 - __main__ - DEBUG - Received: MEDIA_PLAY_PAUSE
2025-07-14 01:13:31,235 - __main__ - INFO - Активировал окно Яндекс.Музыки
2025-07-14 01:13:31,738 - __main__ - DEBUG - Simulated MEDIA_PLAY_PAUSE press
2025-07-14 01:13:31,738 - __main__ - INFO - Вернул фокус в предыдущее окно
2025-07-14 01:13:34,335 - __main__ - DEBUG - Received: MEDIA_PLAY_PAUSE
2025-07-14 01:13:34,335 - __main__ - INFO - Активировал окно Яндекс.Музыки
2025-07-14 01:13:34,838 - __main__ - DEBUG - Simulated MEDIA_PLAY_PAUSE press
2025-07-14 01:13:34,838 - __main__ - INFO - Вернул фокус в предыдущее окно
2025-07-14 01:13:35,760 - __main__ - DEBUG - Received: MEDIA_PLAY_PAUSE
2025-07-14 01:13:35,760 - __main__ - INFO - Активировал окно Яндекс.Музыки
2025-07-14 01:13:36,264 - __main__ - DEBUG - Simulated MEDIA_PLAY_PAUSE press
2025-07-14 01:13:36,264 - __main__ - INFO - Вернул фокус в предыдущее окно
2025-07-14 01:13:36,781 - __main__ - DEBUG - Received: MEDIA_PLAY_PAUSE
2025-07-14 01:13:36,781 - __main__ - INFO - Активировал окно Яндекс.Музыки
2025-07-14 01:13:37,285 - __main__ - DEBUG - Simulated MEDIA_PLAY_PAUSE press
2025-07-14 01:13:37,285 - __main__ - INFO - Вернул фокус в предыдущее окно
2025-07-14 01:13:39,084 - __main__ - DEBUG - Received: MEDIA_PLAY_PAUSE
2025-07-14 01:13:39,085 - __main__ - INFO - Активировал окно Яндекс.Музыки
2025-07-14 01:13:39,588 - __main__ - DEBUG - Simulated MEDIA_PLAY_PAUSE press
2025-07-14 01:13:39,589 - __main__ - INFO - Вернул фокус в предыдущее окно
2025-07-14 01:13:40,612 - __main__ - DEBUG - Received: MEDIA_PLAY_PAUSE
2025-07-14 01:13:40,612 - __main__ - INFO - Активировал окно Яндекс.Музыки
2025-07-14 01:13:41,116 - __main__ - DEBUG - Simulated MEDIA_PLAY_PAUSE press
2025-07-14 01:13:41,116 - __main__ - INFO - Вернул фокус в предыдущее окно
2025-07-14 01:13:42,042 - __main__ - DEBUG - Received: MEDIA_PLAY_PAUSE
2025-07-14 01:13:42,042 - __main__ - INFO - Активировал окно Яндекс.Музыки
2025-07-14 01:13:42,546 - __main__ - DEBUG - Simulated MEDIA_PLAY_PAUSE press
2025-07-14 01:13:42,546 - __main__ - INFO - Вернул фокус в предыдущее окно
2025-07-14 01:13:43,988 - __main__ - DEBUG - Received: MEDIA_PLAY_PAUSE
2025-07-14 01:13:43,988 - __main__ - INFO - Активировал окно Яндекс.Музыки
2025-07-14 01:13:44,492 - __main__ - DEBUG - Simulated MEDIA_PLAY_PAUSE press
2025-07-14 01:13:44,492 - __main__ - INFO - Вернул фокус в предыдущее окно
2025-07-14 01:14:04,284 - __main__ - INFO - Saved current window
2025-07-14 01:14:04,284 - __main__ - INFO - Starting macropad service...
2025-07-14 01:14:04,298 - __main__ - INFO - Connected to COM3
2025-07-14 01:14:06,691 - __main__ - DEBUG - Received: MEDIA_PLAY_PAUSE
2025-07-14 01:14:06,692 - __main__ - INFO - Активировал окно Яндекс.Музыки
2025-07-14 01:14:07,195 - __main__ - DEBUG - Simulated MEDIA_PLAY_PAUSE press
2025-07-14 01:14:07,195 - __main__ - INFO - Вернул фокус в предыдущее окно
2025-07-14 01:14:08,199 - __main__ - DEBUG - Received: MEDIA_PLAY_PAUSE
2025-07-14 01:14:08,199 - __main__ - INFO - Активировал окно Яндекс.Музыки
2025-07-14 01:14:08,703 - __main__ - DEBUG - Simulated MEDIA_PLAY_PAUSE press
2025-07-14 01:14:08,703 - __main__ - INFO - Вернул фокус в предыдущее окно
2025-07-14 01:14:09,767 - __main__ - DEBUG - Received: MEDIA_PLAY_PAUSE
2025-07-14 01:14:09,767 - __main__ - INFO - Активировал окно Яндекс.Музыки
2025-07-14 01:14:10,270 - __main__ - DEBUG - Simulated MEDIA_PLAY_PAUSE press
2025-07-14 01:14:10,270 - __main__ - INFO - Вернул фокус в предыдущее окно
2025-07-14 01:14:11,238 - __main__ - DEBUG - Received: MEDIA_PLAY_PAUSE
2025-07-14 01:14:11,239 - __main__ - INFO - Активировал окно Яндекс.Музыки
2025-07-14 01:14:11,743 - __main__ - DEBUG - Simulated MEDIA_PLAY_PAUSE press
2025-07-14 01:14:11,743 - __main__ - INFO - Вернул фокус в предыдущее окно
2025-07-14 01:14:13,772 - __main__ - INFO - Service stopped by user
2025-07-14 01:14:13,775 - __main__ - INFO - Serial port closed
2025-07-14 01:15:11,058 - __main__ - ERROR - Yandex Music window not found
2025-07-14 01:15:11,058 - __main__ - INFO - Trying to use media keys instead
2025-07-14 01:15:11,058 - __main__ - INFO - Starting macropad service...
2025-07-14 01:15:11,072 - __main__ - INFO - Connected to COM3
2025-07-14 01:15:13,154 - __main__ - DEBUG - Received: MEDIA_PLAY_PAUSE
2025-07-14 01:15:13,154 - __main__ - ERROR - Ошибка отправки клавиши: (1400, 'SetForegroundWindow', 'Недопустимый дескриптор окна.')
2025-07-14 01:15:13,154 - __main__ - WARNING - Failed to send k to Yandex Music
2025-07-14 01:15:16,519 - __main__ - DEBUG - Received: MEDIA_PLAY_PAUSE
2025-07-14 01:15:16,520 - __main__ - ERROR - Ошибка отправки клавиши: (1400, 'SetForegroundWindow', 'Недопустимый дескриптор окна.')
2025-07-14 01:15:16,520 - __main__ - WARNING - Failed to send k to Yandex Music
2025-07-14 01:15:19,701 - __main__ - DEBUG - Received: MEDIA_PLAY_PAUSE
2025-07-14 01:15:19,701 - __main__ - ERROR - Ошибка отправки клавиши: (1400, 'SetForegroundWindow', 'Недопустимый дескриптор окна.')
2025-07-14 01:15:19,701 - __main__ - WARNING - Failed to send k to Yandex Music
2025-07-14 01:15:22,508 - __main__ - DEBUG - Received: MEDIA_PLAY_PAUSE
2025-07-14 01:15:22,509 - __main__ - ERROR - Ошибка отправки клавиши: (1400, 'SetForegroundWindow', 'Недопустимый дескриптор окна.')
2025-07-14 01:15:22,509 - __main__ - WARNING - Failed to send k to Yandex Music
2025-07-14 01:15:23,179 - __main__ - DEBUG - Received: MEDIA_PLAY_PAUSE
2025-07-14 01:15:23,179 - __main__ - ERROR - Ошибка отправки клавиши: (1400, 'SetForegroundWindow', 'Недопустимый дескриптор окна.')
2025-07-14 01:15:23,179 - __main__ - WARNING - Failed to send k to Yandex Music
2025-07-14 01:15:23,808 - __main__ - DEBUG - Received: MEDIA_PLAY_PAUSE
2025-07-14 01:15:23,808 - __main__ - ERROR - Ошибка отправки клавиши: (1400, 'SetForegroundWindow', 'Недопустимый дескриптор окна.')
2025-07-14 01:15:23,808 - __main__ - WARNING - Failed to send k to Yandex Music
2025-07-14 01:15:24,111 - __main__ - DEBUG - Received: MEDIA_PLAY_PAUSE
2025-07-14 01:15:24,111 - __main__ - ERROR - Ошибка отправки клавиши: (1400, 'SetForegroundWindow', 'Недопустимый дескриптор окна.')
2025-07-14 01:15:24,112 - __main__ - WARNING - Failed to send k to Yandex Music
2025-07-14 01:15:24,298 - __main__ - DEBUG - Received: MEDIA_PLAY_PAUSE
2025-07-14 01:15:24,298 - __main__ - ERROR - Ошибка отправки клавиши: (1400, 'SetForegroundWindow', 'Недопустимый дескриптор окна.')
2025-07-14 01:15:24,298 - __main__ - WARNING - Failed to send k to Yandex Music
2025-07-14 01:15:24,535 - __main__ - DEBUG - Received: MEDIA_PLAY_PAUSE
2025-07-14 01:15:24,535 - __main__ - ERROR - Ошибка отправки клавиши: (1400, 'SetForegroundWindow', 'Недопустимый дескриптор окна.')
2025-07-14 01:15:24,535 - __main__ - WARNING - Failed to send k to Yandex Music
2025-07-14 01:15:25,411 - __main__ - DEBUG - Received: MEDIA_PLAY_PAUSE
2025-07-14 01:15:25,411 - __main__ - ERROR - Ошибка отправки клавиши: (1400, 'SetForegroundWindow', 'Недопустимый дескриптор окна.')
2025-07-14 01:15:25,411 - __main__ - WARNING - Failed to send k to Yandex Music
2025-07-14 01:15:26,132 - __main__ - DEBUG - Received: MEDIA_PLAY_PAUSE
2025-07-14 01:15:26,132 - __main__ - ERROR - Ошибка отправки клавиши: (1400, 'SetForegroundWindow', 'Недопустимый дескриптор окна.')
2025-07-14 01:15:26,133 - __main__ - WARNING - Failed to send k to Yandex Music
2025-07-14 01:15:35,576 - __main__ - INFO - Found Yandex Music window: Яндекс Музыка — собираем музыку для вас
2025-07-14 01:15:35,576 - __main__ - INFO - Starting macropad service...
2025-07-14 01:15:35,592 - __main__ - INFO - Connected to COM3
2025-07-14 01:15:37,819 - __main__ - DEBUG - Received: MEDIA_PLAY_PAUSE
2025-07-14 01:15:38,322 - __main__ - INFO - Successfully sent k to Yandex Music
2025-07-14 01:15:39,549 - __main__ - DEBUG - Received: MEDIA_PLAY_PAUSE
2025-07-14 01:15:40,053 - __main__ - INFO - Successfully sent k to Yandex Music
2025-07-14 01:15:40,984 - __main__ - DEBUG - Received: MEDIA_PLAY_PAUSE
2025-07-14 01:15:41,486 - __main__ - INFO - Successfully sent k to Yandex Music
2025-07-14 01:15:42,382 - __main__ - DEBUG - Received: MEDIA_PLAY_PAUSE
2025-07-14 01:15:42,884 - __main__ - INFO - Successfully sent k to Yandex Music
2025-07-14 01:15:43,652 - __main__ - DEBUG - Received: MEDIA_PLAY_PAUSE
2025-07-14 01:15:44,154 - __main__ - INFO - Successfully sent k to Yandex Music
2025-07-14 01:16:04,242 - __main__ - INFO - Found Yandex Music window: Яндекс Музыка — собираем музыку для вас
2025-07-14 01:16:04,243 - __main__ - INFO - Starting macropad service...
2025-07-14 01:16:04,258 - __main__ - INFO - Connected to COM3
2025-07-14 01:16:09,308 - __main__ - DEBUG - Received: MEDIA_PLAY_PAUSE
2025-07-14 01:16:11,510 - __main__ - INFO - Successfully sent k to Yandex Music
2025-07-14 01:16:11,510 - __main__ - DEBUG - Received: MEDIA_PLAY_PAUSE
2025-07-14 01:16:13,713 - __main__ - INFO - Successfully sent k to Yandex Music
2025-07-14 01:16:13,752 - __main__ - DEBUG - Received: MEDIA_PLAY_PAUSE
2025-07-14 01:16:15,955 - __main__ - INFO - Successfully sent k to Yandex Music
2025-07-14 01:16:15,955 - __main__ - DEBUG - Received: MEDIA_PLAY_PAUSE
2025-07-14 01:16:18,158 - __main__ - INFO - Successfully sent k to Yandex Music
2025-07-14 01:16:18,158 - __main__ - DEBUG - Received: MEDIA_PLAY_PAUSE
2025-07-14 01:16:20,361 - __main__ - INFO - Successfully sent k to Yandex Music
2025-07-14 01:16:20,361 - __main__ - DEBUG - Received: MEDIA_PLAY_PAUSE
2025-07-14 01:16:22,564 - __main__ - INFO - Successfully sent k to Yandex Music
2025-07-14 01:16:22,564 - __main__ - DEBUG - Received: MEDIA_PLAY_PAUSE
2025-07-14 01:16:23,349 - __main__ - INFO - Service stopped by user
2025-07-14 01:16:29,565 - __main__ - INFO - Found Yandex Music window: Яндекс Музыка — собираем музыку для вас
2025-07-14 01:16:29,565 - __main__ - INFO - Starting macropad service...
2025-07-14 01:16:29,581 - __main__ - INFO - Connected to COM3
2025-07-14 01:16:34,018 - __main__ - DEBUG - Received: MEDIA_PLAY_PAUSE
2025-07-14 01:16:39,120 - __main__ - INFO - Successfully sent k to Yandex Music
2025-07-14 01:21:49,953 - __main__ - INFO - Found Yandex Music window: Яндекс Музыка — собираем музыку для вас
2025-07-14 01:21:49,953 - __main__ - INFO - Starting macropad service...
2025-07-14 01:21:49,968 - __main__ - INFO - Connected to COM3
2025-07-14 01:21:56,283 - __main__ - DEBUG - Received: MEDIA_PLAY_PAUSE
2025-07-14 01:21:56,283 - __main__ - ERROR - Ошибка отправки клавиши: (0, 'SetForegroundWindow', 'No error message is available')
2025-07-14 01:21:56,284 - __main__ - WARNING - Failed to send 75 to Yandex Music
2025-07-14 01:22:09,044 - __main__ - DEBUG - Received: MEDIA_PLAY_PAUSE
2025-07-14 01:22:26,272 - __main__ - INFO - Service stopped by user
2025-07-14 01:22:27,793 - __main__ - INFO - Found Yandex Music window: Яндекс Музыка — собираем музыку для вас
2025-07-14 01:22:27,794 - __main__ - INFO - Starting macropad service...
2025-07-14 01:22:27,809 - __main__ - INFO - Connected to COM3
2025-07-14 01:22:31,905 - __main__ - DEBUG - Received: MEDIA_PLAY_PAUSE
2025-07-14 01:22:36,957 - __main__ - INFO - Successfully sent 75 to Yandex Music
2025-07-14 01:22:36,957 - __main__ - DEBUG - Received: MEDIA_PLAY_PAUSE
2025-07-14 01:22:42,009 - __main__ - INFO - Successfully sent 75 to Yandex Music
2025-07-14 01:22:42,009 - __main__ - DEBUG - Received: MEDIA_PLAY_PAUSE
2025-07-14 01:22:45,572 - __main__ - INFO - Service stopped by user
2025-07-14 01:23:04,888 - __main__ - INFO - Found Yandex Music window: Яндекс Музыка — собираем музыку для вас
2025-07-14 01:23:04,888 - __main__ - INFO - Starting macropad service...
2025-07-14 01:23:04,902 - __main__ - INFO - Connected to COM3
2025-07-14 01:23:08,323 - __main__ - DEBUG - Received: MEDIA_PLAY_PAUSE
2025-07-14 01:23:11,374 - __main__ - INFO - Successfully sent 75 to Yandex Music
2025-07-14 01:23:11,374 - __main__ - DEBUG - Received: MEDIA_PLAY_PAUSE
2025-07-14 01:23:14,427 - __main__ - INFO - Successfully sent 75 to Yandex Music
2025-07-14 01:23:14,427 - __main__ - DEBUG - Received: MEDIA_PLAY_PAUSE
2025-07-14 01:23:17,479 - __main__ - INFO - Successfully sent 75 to Yandex Music
2025-07-14 01:23:17,479 - __main__ - DEBUG - Received: MEDIA_PLAY_PAUSE
2025-07-14 01:23:20,532 - __main__ - INFO - Successfully sent 75 to Yandex Music
2025-07-14 01:23:20,532 - __main__ - DEBUG - Received: MEDIA_PLAY_PAUSE
2025-07-14 01:23:23,585 - __main__ - INFO - Successfully sent 75 to Yandex Music
2025-07-14 01:23:23,585 - __main__ - DEBUG - Received: MEDIA_PLAY_PAUSE
2025-07-14 01:23:26,638 - __main__ - INFO - Successfully sent 75 to Yandex Music
2025-07-14 01:23:26,638 - __main__ - DEBUG - Received: MEDIA_PLAY_PAUSE
2025-07-14 01:23:29,691 - __main__ - INFO - Successfully sent 75 to Yandex Music
2025-07-14 01:23:31,714 - __main__ - INFO - Service stopped by user
2025-07-14 01:23:51,977 - __main__ - INFO - Found Yandex Music window: Яндекс Музыка — собираем музыку для вас
2025-07-14 01:23:51,978 - __main__ - INFO - Starting macropad service...
2025-07-14 01:23:51,993 - __main__ - INFO - Connected to COM3
2025-07-14 01:23:53,923 - __main__ - DEBUG - Received: MEDIA_PLAY_PAUSE
2025-07-14 01:23:56,976 - __main__ - INFO - Successfully sent 75 to Yandex Music
2025-07-14 01:23:59,744 - __main__ - DEBUG - Received: MEDIA_PLAY_PAUSE
2025-07-14 01:24:02,795 - __main__ - INFO - Successfully sent 75 to Yandex Music
2025-07-14 01:24:02,795 - __main__ - DEBUG - Received: MEDIA_PLAY_PAUSE
2025-07-14 01:24:05,848 - __main__ - INFO - Successfully sent 75 to Yandex Music
2025-07-14 01:24:07,868 - __main__ - INFO - Service stopped by user
2025-07-14 01:24:22,417 - __main__ - INFO - Found Yandex Music window: Яндекс Музыка — собираем музыку для вас
2025-07-14 01:24:22,417 - __main__ - INFO - Starting macropad service...
2025-07-14 01:24:22,431 - __main__ - INFO - Connected to COM3
2025-07-14 01:24:26,936 - __main__ - DEBUG - Received: MEDIA_PLAY_PAUSE
2025-07-14 01:24:26,987 - __main__ - INFO - Successfully sent 75 to Yandex Music
2025-07-14 01:24:27,702 - __main__ - DEBUG - Received: MEDIA_PLAY_PAUSE
2025-07-14 01:24:27,756 - __main__ - INFO - Successfully sent 75 to Yandex Music
2025-07-14 01:24:29,640 - __main__ - DEBUG - Received: MEDIA_PLAY_PAUSE
2025-07-14 01:24:29,695 - __main__ - INFO - Successfully sent 75 to Yandex Music
2025-07-14 01:24:32,328 - __main__ - DEBUG - Received: MEDIA_PLAY_PAUSE
2025-07-14 01:24:32,382 - __main__ - INFO - Successfully sent 75 to Yandex Music
2025-07-14 01:24:33,167 - __main__ - DEBUG - Received: MEDIA_PLAY_PAUSE
2025-07-14 01:24:33,222 - __main__ - INFO - Successfully sent 75 to Yandex Music
2025-07-14 01:24:33,681 - __main__ - DEBUG - Received: MEDIA_PLAY_PAUSE
2025-07-14 01:24:33,736 - __main__ - INFO - Successfully sent 75 to Yandex Music
2025-07-14 01:24:34,117 - __main__ - DEBUG - Received: MEDIA_PLAY_PAUSE
2025-07-14 01:24:34,171 - __main__ - INFO - Successfully sent 75 to Yandex Music
2025-07-14 01:24:34,549 - __main__ - DEBUG - Received: MEDIA_PLAY_PAUSE
2025-07-14 01:24:34,603 - __main__ - INFO - Successfully sent 75 to Yandex Music
2025-07-14 01:24:35,063 - __main__ - DEBUG - Received: MEDIA_PLAY_PAUSE
2025-07-14 01:24:35,117 - __main__ - INFO - Successfully sent 75 to Yandex Music
2025-07-14 01:24:35,538 - __main__ - DEBUG - Received: MEDIA_PLAY_PAUSE
2025-07-14 01:24:35,591 - __main__ - INFO - Successfully sent 75 to Yandex Music
2025-07-14 01:24:35,749 - __main__ - DEBUG - Received: MEDIA_PLAY_PAUSE
2025-07-14 01:24:35,803 - __main__ - INFO - Successfully sent 75 to Yandex Music
2025-07-14 01:24:35,931 - __main__ - DEBUG - Received: MEDIA_PLAY_PAUSE
2025-07-14 01:24:35,985 - __main__ - INFO - Successfully sent 75 to Yandex Music
2025-07-14 01:24:36,118 - __main__ - DEBUG - Received: MEDIA_PLAY_PAUSE
2025-07-14 01:24:36,172 - __main__ - INFO - Successfully sent 75 to Yandex Music
2025-07-14 01:24:36,324 - __main__ - DEBUG - Received: MEDIA_PLAY_PAUSE
2025-07-14 01:24:36,378 - __main__ - INFO - Successfully sent 75 to Yandex Music
2025-07-14 01:24:36,511 - __main__ - DEBUG - Received: MEDIA_PLAY_PAUSE
2025-07-14 01:24:36,565 - __main__ - INFO - Successfully sent 75 to Yandex Music
2025-07-14 01:24:36,697 - __main__ - DEBUG - Received: MEDIA_PLAY_PAUSE
2025-07-14 01:24:36,751 - __main__ - INFO - Successfully sent 75 to Yandex Music
2025-07-14 01:24:36,890 - __main__ - DEBUG - Received: MEDIA_PLAY_PAUSE
2025-07-14 01:24:36,944 - __main__ - INFO - Successfully sent 75 to Yandex Music
2025-07-14 01:24:37,084 - __main__ - DEBUG - Received: MEDIA_PLAY_PAUSE
2025-07-14 01:24:37,138 - __main__ - INFO - Successfully sent 75 to Yandex Music
2025-07-14 01:24:37,243 - __main__ - DEBUG - Received: MEDIA_PLAY_PAUSE
2025-07-14 01:24:37,297 - __main__ - INFO - Successfully sent 75 to Yandex Music
2025-07-14 01:24:37,435 - __main__ - DEBUG - Received: MEDIA_PLAY_PAUSE
2025-07-14 01:24:37,489 - __main__ - INFO - Successfully sent 75 to Yandex Music
2025-07-14 01:24:37,599 - __main__ - DEBUG - Received: MEDIA_PLAY_PAUSE
2025-07-14 01:24:37,654 - __main__ - INFO - Successfully sent 75 to Yandex Music
2025-07-14 01:24:37,773 - __main__ - DEBUG - Received: MEDIA_PLAY_PAUSE
2025-07-14 01:24:37,827 - __main__ - INFO - Successfully sent 75 to Yandex Music
2025-07-14 01:24:37,966 - __main__ - DEBUG - Received: MEDIA_PLAY_PAUSE
2025-07-14 01:24:38,020 - __main__ - INFO - Successfully sent 75 to Yandex Music
2025-07-14 01:24:38,468 - __main__ - DEBUG - Received: MEDIA_PLAY_PAUSE
2025-07-14 01:24:38,522 - __main__ - INFO - Successfully sent 75 to Yandex Music
2025-07-14 01:24:38,522 - __main__ - DEBUG - Received: MEDIA_PLAY_PAUSE
2025-07-14 01:24:38,577 - __main__ - INFO - Successfully sent 75 to Yandex Music
2025-07-14 01:24:38,636 - __main__ - DEBUG - Received: MEDIA_PLAY_PAUSE
2025-07-14 01:24:38,691 - __main__ - INFO - Successfully sent 75 to Yandex Music
2025-07-14 01:24:38,816 - __main__ - DEBUG - Received: MEDIA_PLAY_PAUSE
2025-07-14 01:24:38,871 - __main__ - INFO - Successfully sent 75 to Yandex Music
2025-07-14 01:24:38,871 - __main__ - DEBUG - Received: MEDIA_PLAY_PAUSE
2025-07-14 01:24:38,926 - __main__ - INFO - Successfully sent 75 to Yandex Music
2025-07-14 01:24:38,992 - __main__ - DEBUG - Received: MEDIA_PLAY_PAUSE
2025-07-14 01:24:39,046 - __main__ - INFO - Successfully sent 75 to Yandex Music
2025-07-14 01:24:39,046 - __main__ - DEBUG - Received: MEDIA_PLAY_PAUSE
2025-07-14 01:24:39,101 - __main__ - INFO - Successfully sent 75 to Yandex Music
2025-07-14 01:24:40,805 - __main__ - DEBUG - Received: MEDIA_PLAY_PAUSE
2025-07-14 01:24:40,860 - __main__ - INFO - Successfully sent 75 to Yandex Music
2025-07-14 01:24:41,396 - __main__ - DEBUG - Received: MEDIA_PLAY_PAUSE
2025-07-14 01:24:41,449 - __main__ - INFO - Successfully sent 75 to Yandex Music
2025-07-14 01:24:42,013 - __main__ - DEBUG - Received: MEDIA_PLAY_PAUSE
2025-07-14 01:24:42,068 - __main__ - INFO - Successfully sent 75 to Yandex Music
2025-07-14 01:24:44,084 - __main__ - INFO - Service stopped by user
2025-07-14 01:28:22,002 - __main__ - INFO - Testing keys...
2025-07-14 01:28:22,103 - __main__ - INFO - Starting service...
2025-07-14 01:28:22,118 - __main__ - INFO - Connected to COM3
2025-07-14 01:28:24,563 - __main__ - DEBUG - Received: MEDIA_PLAY_PAUSE
2025-07-14 01:28:28,811 - __main__ - DEBUG - Received: MEDIA_PLAY_PAUSE
2025-07-14 01:28:30,274 - __main__ - DEBUG - Received: MEDIA_PLAY_PAUSE
2025-07-14 01:28:30,797 - __main__ - DEBUG - Received: MEDIA_PLAY_PAUSE
2025-07-14 01:28:31,325 - __main__ - DEBUG - Received: MEDIA_PLAY_PAUSE
2025-07-14 01:28:31,902 - __main__ - DEBUG - Received: MEDIA_PLAY_PAUSE
2025-07-14 01:28:32,198 - __main__ - DEBUG - Received: MEDIA_PLAY_PAUSE
2025-07-14 01:28:32,425 - __main__ - DEBUG - Received: MEDIA_PLAY_PAUSE
2025-07-14 01:28:32,945 - __main__ - DEBUG - Received: MEDIA_PLAY_PAUSE
2025-07-14 01:28:33,178 - __main__ - DEBUG - Received: MEDIA_PLAY_PAUSE
2025-07-14 01:28:33,407 - __main__ - DEBUG - Received: MEDIA_PLAY_PAUSE
2025-07-14 01:28:33,615 - __main__ - DEBUG - Received: MEDIA_PLAY_PAUSE
2025-07-14 01:28:33,863 - __main__ - DEBUG - Received: MEDIA_PLAY_PAUSE
2025-07-14 01:28:34,096 - __main__ - DEBUG - Received: MEDIA_PLAY_PAUSE
2025-07-14 01:28:34,310 - __main__ - DEBUG - Received: MEDIA_PLAY_PAUSE
2025-07-14 01:28:34,490 - __main__ - DEBUG - Received: MEDIA_PLAY_PAUSE
2025-07-14 01:28:34,674 - __main__ - DEBUG - Received: MEDIA_PLAY_PAUSE
2025-07-14 01:28:34,866 - __main__ - DEBUG - Received: MEDIA_PLAY_PAUSE
2025-07-14 01:28:35,061 - __main__ - DEBUG - Received: MEDIA_PLAY_PAUSE
2025-07-14 01:28:35,256 - __main__ - DEBUG - Received: MEDIA_PLAY_PAUSE
2025-07-14 01:28:35,312 - __main__ - DEBUG - Received: MEDIA_PLAY_PAUSE
2025-07-14 01:28:35,447 - __main__ - DEBUG - Received: MEDIA_PLAY_PAUSE
2025-07-14 01:28:35,635 - __main__ - DEBUG - Received: MEDIA_PLAY_PAUSE
2025-07-14 01:28:35,831 - __main__ - DEBUG - Received: MEDIA_PLAY_PAUSE
2025-07-14 01:28:36,034 - __main__ - DEBUG - Received: MEDIA_PLAY_PAUSE
2025-07-14 01:28:36,223 - __main__ - DEBUG - Received: MEDIA_PLAY_PAUSE
2025-07-14 01:28:36,417 - __main__ - DEBUG - Received: MEDIA_PLAY_PAUSE
2025-07-14 01:28:36,477 - __main__ - DEBUG - Received: MEDIA_PLAY_PAUSE
2025-07-14 01:28:36,618 - __main__ - DEBUG - Received: MEDIA_PLAY_PAUSE
2025-07-14 01:28:36,672 - __main__ - DEBUG - Received: MEDIA_PLAY_PAUSE
2025-07-14 01:28:36,806 - __main__ - DEBUG - Received: MEDIA_PLAY_PAUSE
2025-07-14 01:28:37,004 - __main__ - DEBUG - Received: MEDIA_PLAY_PAUSE
2025-07-14 01:28:37,066 - __main__ - DEBUG - Received: MEDIA_PLAY_PAUSE
2025-07-14 01:28:37,191 - __main__ - DEBUG - Received: MEDIA_PLAY_PAUSE
2025-07-14 01:28:37,377 - __main__ - DEBUG - Received: MEDIA_PLAY_PAUSE
2025-07-14 01:28:37,571 - __main__ - DEBUG - Received: MEDIA_PLAY_PAUSE
2025-07-14 01:28:37,736 - __main__ - DEBUG - Received: MEDIA_PLAY_PAUSE
2025-07-14 01:28:37,927 - __main__ - DEBUG - Received: MEDIA_PLAY_PAUSE
2025-07-14 01:28:38,112 - __main__ - DEBUG - Received: MEDIA_PLAY_PAUSE
2025-07-14 01:28:38,299 - __main__ - DEBUG - Received: MEDIA_PLAY_PAUSE
2025-07-14 01:28:38,486 - __main__ - DEBUG - Received: MEDIA_PLAY_PAUSE
2025-07-14 01:28:38,689 - __main__ - DEBUG - Received: MEDIA_PLAY_PAUSE
2025-07-14 01:28:38,848 - __main__ - DEBUG - Received: MEDIA_PLAY_PAUSE
2025-07-14 01:28:39,038 - __main__ - DEBUG - Received: MEDIA_PLAY_PAUSE
2025-07-14 01:28:39,676 - __main__ - DEBUG - Received: MEDIA_PLAY_PAUSE
2025-07-14 01:28:40,031 - __main__ - DEBUG - Received: MEDIA_PLAY_PAUSE
2025-07-14 01:28:40,329 - __main__ - DEBUG - Received: MEDIA_PLAY_PAUSE
2025-07-14 01:28:40,695 - __main__ - DEBUG - Received: MEDIA_PLAY_PAUSE
2025-07-14 01:29:23,137 - __main__ - INFO - Service stopped
2025-07-14 01:29:23,916 - __main__ - INFO - Testing keys...
2025-07-14 01:29:24,018 - __main__ - INFO - Starting service...
2025-07-14 01:29:24,033 - __main__ - INFO - Connected to COM3
2025-07-14 01:29:25,963 - __main__ - DEBUG - Received: MEDIA_PLAY_PAUSE
2025-07-14 01:29:27,895 - __main__ - DEBUG - Received: MEDIA_PLAY_PAUSE
2025-07-14 01:29:28,687 - __main__ - DEBUG - Received: MEDIA_PLAY_PAUSE
2025-07-14 01:29:29,617 - __main__ - DEBUG - Received: MEDIA_PLAY_PAUSE
2025-07-14 01:29:30,318 - __main__ - DEBUG - Received: MEDIA_PLAY_PAUSE
2025-07-14 01:29:30,741 - __main__ - DEBUG - Received: MEDIA_PLAY_PAUSE
2025-07-14 01:29:31,024 - __main__ - DEBUG - Received: MEDIA_PLAY_PAUSE
2025-07-14 01:29:31,244 - __main__ - DEBUG - Received: MEDIA_PLAY_PAUSE
2025-07-14 01:29:31,443 - __main__ - DEBUG - Received: MEDIA_PLAY_PAUSE
2025-07-14 01:29:31,634 - __main__ - DEBUG - Received: MEDIA_PLAY_PAUSE
2025-07-14 01:29:31,849 - __main__ - DEBUG - Received: MEDIA_PLAY_PAUSE
2025-07-14 01:29:32,098 - __main__ - DEBUG - Received: MEDIA_PLAY_PAUSE
2025-07-14 01:29:32,299 - __main__ - DEBUG - Received: MEDIA_PLAY_PAUSE
2025-07-14 01:29:32,503 - __main__ - DEBUG - Received: MEDIA_PLAY_PAUSE
2025-07-14 01:29:32,680 - __main__ - DEBUG - Received: MEDIA_PLAY_PAUSE
2025-07-14 01:29:32,898 - __main__ - DEBUG - Received: MEDIA_PLAY_PAUSE
2025-07-14 01:29:33,094 - __main__ - DEBUG - Received: MEDIA_PLAY_PAUSE
2025-07-14 01:31:15,863 - __main__ - INFO - Testing keys...
2025-07-14 01:31:15,964 - __main__ - INFO - Starting service...
2025-07-14 01:31:15,984 - __main__ - INFO - Connected to COM3
2025-07-14 01:31:19,660 - __main__ - DEBUG - Received: PLAY
2025-07-14 01:31:19,660 - __main__ - INFO - Sending PLAY_PAUSE (0x4B)
2025-07-14 01:31:21,037 - __main__ - DEBUG - Received: PLAY
2025-07-14 01:31:21,037 - __main__ - INFO - Sending PLAY_PAUSE (0x4B)
2025-07-14 01:31:23,219 - __main__ - DEBUG - Received: PLAY
2025-07-14 01:31:23,219 - __main__ - INFO - Sending PLAY_PAUSE (0x4B)
2025-07-14 01:31:23,868 - __main__ - DEBUG - Received: PLAY
2025-07-14 01:31:23,868 - __main__ - INFO - Sending PLAY_PAUSE (0x4B)
2025-07-14 01:31:25,374 - __main__ - DEBUG - Received: PLAY
2025-07-14 01:31:25,374 - __main__ - INFO - Sending PLAY_PAUSE (0x4B)
2025-07-14 01:31:26,675 - __main__ - DEBUG - Received: PLAY
2025-07-14 01:31:26,675 - __main__ - INFO - Sending PLAY_PAUSE (0x4B)
2025-07-14 01:31:26,675 - __main__ - ERROR - Window error: (0, 'SetForegroundWindow', 'No error message is available')
2025-07-14 01:31:27,146 - __main__ - DEBUG - Received: PLAY
2025-07-14 01:31:27,146 - __main__ - INFO - Sending PLAY_PAUSE (0x4B)
2025-07-14 01:31:27,146 - __main__ - ERROR - Window error: (0, 'SetForegroundWindow', 'No error message is available')
2025-07-14 01:31:27,397 - __main__ - DEBUG - Received: PLAY
2025-07-14 01:31:27,397 - __main__ - INFO - Sending PLAY_PAUSE (0x4B)
2025-07-14 01:31:27,397 - __main__ - ERROR - Window error: (0, 'SetForegroundWindow', 'No error message is available')
2025-07-14 01:31:27,738 - __main__ - DEBUG - Received: PLAY
2025-07-14 01:31:27,738 - __main__ - INFO - Sending PLAY_PAUSE (0x4B)
2025-07-14 01:31:27,738 - __main__ - ERROR - Window error: (0, 'SetForegroundWindow', 'No error message is available')
2025-07-14 01:31:28,032 - __main__ - DEBUG - Received: PLAY
2025-07-14 01:31:28,032 - __main__ - INFO - Sending PLAY_PAUSE (0x4B)
2025-07-14 01:31:28,032 - __main__ - ERROR - Window error: (0, 'SetForegroundWindow', 'No error message is available')
2025-07-14 01:31:28,375 - __main__ - DEBUG - Received: PLAY
2025-07-14 01:31:28,376 - __main__ - INFO - Sending PLAY_PAUSE (0x4B)
2025-07-14 01:31:28,376 - __main__ - ERROR - Window error: (0, 'SetForegroundWindow', 'No error message is available')
2025-07-14 01:31:30,839 - __main__ - DEBUG - Received: PLAY
2025-07-14 01:31:30,839 - __main__ - INFO - Sending PLAY_PAUSE (0x4B)
2025-07-14 01:31:30,839 - __main__ - ERROR - Window error: (0, 'SetForegroundWindow', 'No error message is available')
2025-07-14 01:31:31,158 - __main__ - DEBUG - Received: PLAY
2025-07-14 01:31:31,158 - __main__ - INFO - Sending PLAY_PAUSE (0x4B)
2025-07-14 01:31:31,158 - __main__ - ERROR - Window error: (0, 'SetForegroundWindow', 'No error message is available')
2025-07-14 01:31:31,381 - __main__ - DEBUG - Received: PLAY
2025-07-14 01:31:31,382 - __main__ - INFO - Sending PLAY_PAUSE (0x4B)
2025-07-14 01:31:31,382 - __main__ - ERROR - Window error: (0, 'SetForegroundWindow', 'No error message is available')
2025-07-14 01:31:31,580 - __main__ - DEBUG - Received: PLAY
2025-07-14 01:31:31,580 - __main__ - INFO - Sending PLAY_PAUSE (0x4B)
2025-07-14 01:31:31,580 - __main__ - ERROR - Window error: (0, 'SetForegroundWindow', 'No error message is available')
2025-07-14 01:31:31,746 - __main__ - DEBUG - Received: PLAY
2025-07-14 01:31:31,746 - __main__ - INFO - Sending PLAY_PAUSE (0x4B)
2025-07-14 01:31:31,746 - __main__ - ERROR - Window error: (0, 'SetForegroundWindow', 'No error message is available')
2025-07-14 01:31:31,917 - __main__ - DEBUG - Received: PLAY
2025-07-14 01:31:31,917 - __main__ - INFO - Sending PLAY_PAUSE (0x4B)
2025-07-14 01:31:31,917 - __main__ - ERROR - Window error: (0, 'SetForegroundWindow', 'No error message is available')
2025-07-14 01:31:32,090 - __main__ - DEBUG - Received: PLAY
2025-07-14 01:31:32,090 - __main__ - INFO - Sending PLAY_PAUSE (0x4B)
2025-07-14 01:31:32,090 - __main__ - ERROR - Window error: (0, 'SetForegroundWindow', 'No error message is available')
2025-07-14 01:31:32,277 - __main__ - DEBUG - Received: PLAY
2025-07-14 01:31:32,277 - __main__ - INFO - Sending PLAY_PAUSE (0x4B)
2025-07-14 01:31:32,278 - __main__ - ERROR - Window error: (0, 'SetForegroundWindow', 'No error message is available')
2025-07-14 01:31:32,532 - __main__ - DEBUG - Received: PLAY
2025-07-14 01:31:32,532 - __main__ - INFO - Sending PLAY_PAUSE (0x4B)
2025-07-14 01:31:32,532 - __main__ - ERROR - Window error: (0, 'SetForegroundWindow', 'No error message is available')
2025-07-14 01:31:33,350 - __main__ - DEBUG - Received: PLAY
2025-07-14 01:31:33,350 - __main__ - INFO - Sending PLAY_PAUSE (0x4B)
2025-07-14 01:31:33,751 - __main__ - DEBUG - Received: PLAY
2025-07-14 01:31:33,751 - __main__ - INFO - Sending PLAY_PAUSE (0x4B)
2025-07-14 01:31:34,152 - __main__ - DEBUG - Received: PLAY
2025-07-14 01:31:34,152 - __main__ - INFO - Sending PLAY_PAUSE (0x4B)
2025-07-14 01:31:34,554 - __main__ - DEBUG - Received: PLAY
2025-07-14 01:31:34,554 - __main__ - INFO - Sending PLAY_PAUSE (0x4B)
2025-07-14 01:31:34,956 - __main__ - DEBUG - Received: PLAY
2025-07-14 01:31:34,956 - __main__ - INFO - Sending PLAY_PAUSE (0x4B)
2025-07-14 01:31:35,358 - __main__ - DEBUG - Received: PLAY
2025-07-14 01:31:35,358 - __main__ - INFO - Sending PLAY_PAUSE (0x4B)
2025-07-14 01:31:35,760 - __main__ - DEBUG - Received: PLAY
2025-07-14 01:31:35,760 - __main__ - INFO - Sending PLAY_PAUSE (0x4B)
2025-07-14 01:31:36,162 - __main__ - DEBUG - Received: PLAY
2025-07-14 01:31:36,162 - __main__ - INFO - Sending PLAY_PAUSE (0x4B)
2025-07-14 01:31:36,564 - __main__ - DEBUG - Received: PLAY
2025-07-14 01:31:36,564 - __main__ - INFO - Sending PLAY_PAUSE (0x4B)
2025-07-14 01:31:36,965 - __main__ - DEBUG - Received: PLAY
2025-07-14 01:31:36,965 - __main__ - INFO - Sending PLAY_PAUSE (0x4B)
2025-07-14 01:31:37,367 - __main__ - DEBUG - Received: PLAY
2025-07-14 01:31:37,367 - __main__ - INFO - Sending PLAY_PAUSE (0x4B)
2025-07-14 01:31:38,753 - __main__ - DEBUG - Received: PLAY
2025-07-14 01:31:38,753 - __main__ - INFO - Sending PLAY_PAUSE (0x4B)
2025-07-14 01:31:39,306 - __main__ - DEBUG - Received: PLAY
2025-07-14 01:31:39,306 - __main__ - INFO - Sending PLAY_PAUSE (0x4B)
2025-07-14 01:31:39,821 - __main__ - DEBUG - Received: PLAY
2025-07-14 01:31:39,821 - __main__ - INFO - Sending PLAY_PAUSE (0x4B)
2025-07-14 01:31:40,621 - __main__ - DEBUG - Received: PLAY
2025-07-14 01:31:40,621 - __main__ - INFO - Sending PLAY_PAUSE (0x4B)
2025-07-14 01:31:41,085 - __main__ - DEBUG - Received: PLAY
2025-07-14 01:31:41,085 - __main__ - INFO - Sending PLAY_PAUSE (0x4B)
2025-07-14 01:31:41,487 - __main__ - ERROR - Error: (1400, 'SetForegroundWindow', 'Недопустимый дескриптор окна.')
2025-07-14 01:31:41,487 - __main__ - DEBUG - Received: PLAY
2025-07-14 01:31:41,487 - __main__ - INFO - Sending PLAY_PAUSE (0x4B)
2025-07-14 01:31:41,490 - __main__ - ERROR - Window error: (0, 'SetForegroundWindow', 'No error message is available')
2025-07-14 01:31:41,751 - __main__ - DEBUG - Received: PLAY
2025-07-14 01:31:41,751 - __main__ - INFO - Sending PLAY_PAUSE (0x4B)
2025-07-14 01:31:41,752 - __main__ - ERROR - Window error: (0, 'SetForegroundWindow', 'No error message is available')
2025-07-14 01:31:41,971 - __main__ - DEBUG - Received: PLAY
2025-07-14 01:31:41,971 - __main__ - INFO - Sending PLAY_PAUSE (0x4B)
2025-07-14 01:31:41,972 - __main__ - ERROR - Window error: (0, 'SetForegroundWindow', 'No error message is available')
2025-07-14 01:31:43,042 - __main__ - DEBUG - Received: PLAY
2025-07-14 01:31:43,042 - __main__ - INFO - Sending PLAY_PAUSE (0x4B)
2025-07-14 01:31:43,042 - __main__ - ERROR - Window error: (0, 'SetForegroundWindow', 'No error message is available')
2025-07-14 01:31:44,632 - __main__ - DEBUG - Received: PLAY
2025-07-14 01:31:44,632 - __main__ - INFO - Sending PLAY_PAUSE (0x4B)
2025-07-14 01:31:45,195 - __main__ - DEBUG - Received: PLAY
2025-07-14 01:31:45,195 - __main__ - INFO - Sending PLAY_PAUSE (0x4B)
2025-07-14 01:31:45,805 - __main__ - DEBUG - Received: PLAY
2025-07-14 01:31:45,805 - __main__ - INFO - Sending PLAY_PAUSE (0x4B)
2025-07-14 01:31:46,315 - __main__ - DEBUG - Received: PLAY
2025-07-14 01:31:46,316 - __main__ - INFO - Sending PLAY_PAUSE (0x4B)
2025-07-14 01:31:46,717 - __main__ - ERROR - Error: (0, 'SetForegroundWindow', 'No error message is available')
2025-07-14 01:31:47,039 - __main__ - DEBUG - Received: PLAY
2025-07-14 01:31:47,039 - __main__ - INFO - Sending PLAY_PAUSE (0x4B)
2025-07-14 01:31:49,037 - __main__ - DEBUG - Received: PLAY
2025-07-14 01:31:49,037 - __main__ - INFO - Sending PLAY_PAUSE (0x4B)
2025-07-14 01:31:49,914 - __main__ - DEBUG - Received: PLAY
2025-07-14 01:31:49,914 - __main__ - INFO - Sending PLAY_PAUSE (0x4B)
2025-07-14 01:31:50,664 - __main__ - DEBUG - Received: PLAY
2025-07-14 01:31:50,664 - __main__ - INFO - Sending PLAY_PAUSE (0x4B)
2025-07-14 01:31:51,463 - __main__ - DEBUG - Received: PLAY
2025-07-14 01:31:51,463 - __main__ - INFO - Sending PLAY_PAUSE (0x4B)
2025-07-14 01:31:52,822 - __main__ - DEBUG - Received: PLAY
2025-07-14 01:31:52,822 - __main__ - INFO - Sending PLAY_PAUSE (0x4B)
2025-07-14 01:31:56,633 - __main__ - DEBUG - Received: PLAY
2025-07-14 01:31:56,633 - __main__ - INFO - Sending PLAY_PAUSE (0x4B)
2025-07-14 01:31:56,634 - __main__ - ERROR - Window error: (0, 'SetForegroundWindow', 'No error message is available')
2025-07-14 01:31:57,928 - __main__ - DEBUG - Received: PLAY
2025-07-14 01:31:57,929 - __main__ - INFO - Sending PLAY_PAUSE (0x4B)
2025-07-14 01:31:58,509 - __main__ - DEBUG - Received: PLAY
2025-07-14 01:31:58,509 - __main__ - INFO - Sending PLAY_PAUSE (0x4B)
2025-07-14 01:32:00,143 - __main__ - DEBUG - Received: PLAY
2025-07-14 01:32:00,143 - __main__ - INFO - Sending PLAY_PAUSE (0x4B)
2025-07-14 01:32:01,264 - __main__ - DEBUG - Received: PLAY
2025-07-14 01:32:01,264 - __main__ - INFO - Sending PLAY_PAUSE (0x4B)
2025-07-14 01:32:01,848 - __main__ - DEBUG - Received: PLAY
2025-07-14 01:32:01,848 - __main__ - INFO - Sending PLAY_PAUSE (0x4B)
2025-07-14 01:32:06,671 - __main__ - DEBUG - Received: PLAY
2025-07-14 01:32:06,671 - __main__ - INFO - Sending PLAY_PAUSE (0x4B)
2025-07-14 01:32:07,608 - __main__ - DEBUG - Received: PLAY
2025-07-14 01:32:07,608 - __main__ - INFO - Sending PLAY_PAUSE (0x4B)
2025-07-14 01:32:08,063 - __main__ - DEBUG - Received: PLAY
2025-07-14 01:32:08,063 - __main__ - INFO - Sending PLAY_PAUSE (0x4B)
2025-07-14 01:32:11,660 - __main__ - DEBUG - Received: PLAY
2025-07-14 01:32:11,660 - __main__ - INFO - Sending PLAY_PAUSE (0x4B)
2025-07-14 01:32:12,978 - __main__ - ERROR - Window error: (1400, 'SetForegroundWindow', 'Недопустимый дескриптор окна.')
2025-07-14 01:32:13,080 - __main__ - DEBUG - Received: PLAY
2025-07-14 01:32:13,080 - __main__ - INFO - Sending PLAY_PAUSE (0x4B)
2025-07-14 01:32:13,483 - __main__ - DEBUG - Received: PLAY
2025-07-14 01:32:13,483 - __main__ - INFO - Sending PLAY_PAUSE (0x4B)
2025-07-14 01:32:13,885 - __main__ - DEBUG - Received: PLAY
2025-07-14 01:32:13,885 - __main__ - INFO - Sending PLAY_PAUSE (0x4B)
2025-07-14 01:32:14,287 - __main__ - DEBUG - Received: PLAY
2025-07-14 01:32:14,287 - __main__ - INFO - Sending PLAY_PAUSE (0x4B)
2025-07-14 01:32:14,689 - __main__ - DEBUG - Received: PLAY
2025-07-14 01:32:14,689 - __main__ - INFO - Sending PLAY_PAUSE (0x4B)
2025-07-14 01:32:15,091 - __main__ - DEBUG - Received: PLAY
2025-07-14 01:32:15,091 - __main__ - INFO - Sending PLAY_PAUSE (0x4B)
2025-07-14 01:32:15,493 - __main__ - DEBUG - Received: PLAY
2025-07-14 01:32:15,493 - __main__ - INFO - Sending PLAY_PAUSE (0x4B)
2025-07-14 01:32:15,895 - __main__ - DEBUG - Received: PLAY
2025-07-14 01:32:15,895 - __main__ - INFO - Sending PLAY_PAUSE (0x4B)
2025-07-14 01:32:16,297 - __main__ - DEBUG - Received: PLAY
2025-07-14 01:32:16,297 - __main__ - INFO - Sending PLAY_PAUSE (0x4B)
2025-07-14 01:32:16,698 - __main__ - DEBUG - Received: PLAY
2025-07-14 01:32:16,698 - __main__ - INFO - Sending PLAY_PAUSE (0x4B)
2025-07-14 01:32:17,100 - __main__ - DEBUG - Received: PLAY
2025-07-14 01:32:17,100 - __main__ - INFO - Sending PLAY_PAUSE (0x4B)
2025-07-14 01:32:17,502 - __main__ - DEBUG - Received: PLAY
2025-07-14 01:32:17,502 - __main__ - INFO - Sending PLAY_PAUSE (0x4B)
2025-07-14 01:32:17,903 - __main__ - DEBUG - Received: PLAY
2025-07-14 01:32:17,903 - __main__ - INFO - Sending PLAY_PAUSE (0x4B)
2025-07-14 01:32:18,305 - __main__ - DEBUG - Received: PLAY
2025-07-14 01:32:18,305 - __main__ - INFO - Sending PLAY_PAUSE (0x4B)
2025-07-14 01:32:18,707 - __main__ - DEBUG - Received: PLAY
2025-07-14 01:32:18,707 - __main__ - INFO - Sending PLAY_PAUSE (0x4B)
2025-07-14 01:32:19,109 - __main__ - DEBUG - Received: PLAY
2025-07-14 01:32:19,109 - __main__ - INFO - Sending PLAY_PAUSE (0x4B)
2025-07-14 01:32:26,718 - __main__ - DEBUG - Received: PLAY
2025-07-14 01:32:26,718 - __main__ - INFO - Sending PLAY_PAUSE (0x4B)
2025-07-14 01:32:26,718 - __main__ - ERROR - Window error: (0, 'SetForegroundWindow', 'No error message is available')
2025-07-14 01:32:27,182 - __main__ - DEBUG - Received: PLAY
2025-07-14 01:32:27,182 - __main__ - INFO - Sending PLAY_PAUSE (0x4B)
2025-07-14 01:32:27,182 - __main__ - ERROR - Window error: (0, 'SetForegroundWindow', 'No error message is available')
2025-07-14 01:32:27,699 - __main__ - DEBUG - Received: PLAY
2025-07-14 01:32:27,699 - __main__ - INFO - Sending PLAY_PAUSE (0x4B)
2025-07-14 01:32:27,699 - __main__ - ERROR - Window error: (0, 'SetForegroundWindow', 'No error message is available')
2025-07-14 01:32:28,067 - __main__ - DEBUG - Received: PLAY
2025-07-14 01:32:28,067 - __main__ - INFO - Sending PLAY_PAUSE (0x4B)
2025-07-14 01:32:28,068 - __main__ - ERROR - Window error: (0, 'SetForegroundWindow', 'No error message is available')
2025-07-14 01:32:28,341 - __main__ - DEBUG - Received: PLAY
2025-07-14 01:32:28,341 - __main__ - INFO - Sending PLAY_PAUSE (0x4B)
2025-07-14 01:32:28,341 - __main__ - ERROR - Window error: (0, 'SetForegroundWindow', 'No error message is available')
2025-07-14 01:32:28,542 - __main__ - DEBUG - Received: PLAY
2025-07-14 01:32:28,542 - __main__ - INFO - Sending PLAY_PAUSE (0x4B)
2025-07-14 01:32:28,543 - __main__ - ERROR - Window error: (0, 'SetForegroundWindow', 'No error message is available')
2025-07-14 01:32:28,831 - __main__ - DEBUG - Received: PLAY
2025-07-14 01:32:28,831 - __main__ - INFO - Sending PLAY_PAUSE (0x4B)
2025-07-14 01:32:28,831 - __main__ - ERROR - Window error: (0, 'SetForegroundWindow', 'No error message is available')
2025-07-14 01:32:29,087 - __main__ - DEBUG - Received: PLAY
2025-07-14 01:32:29,087 - __main__ - INFO - Sending PLAY_PAUSE (0x4B)
2025-07-14 01:32:29,488 - __main__ - DEBUG - Received: PLAY
2025-07-14 01:32:29,488 - __main__ - INFO - Sending PLAY_PAUSE (0x4B)
2025-07-14 01:32:29,890 - __main__ - DEBUG - Received: PLAY
2025-07-14 01:32:29,890 - __main__ - INFO - Sending PLAY_PAUSE (0x4B)
2025-07-14 01:32:31,236 - __main__ - DEBUG - Received: PLAY
2025-07-14 01:32:31,236 - __main__ - INFO - Sending PLAY_PAUSE (0x4B)
2025-07-14 01:32:31,637 - __main__ - DEBUG - Received: PLAY
2025-07-14 01:32:31,637 - __main__ - INFO - Sending PLAY_PAUSE (0x4B)
2025-07-14 01:32:32,038 - __main__ - DEBUG - Received: PLAY
2025-07-14 01:32:32,038 - __main__ - INFO - Sending PLAY_PAUSE (0x4B)
2025-07-14 01:32:32,440 - __main__ - DEBUG - Received: PLAY
2025-07-14 01:32:32,440 - __main__ - INFO - Sending PLAY_PAUSE (0x4B)
2025-07-14 01:32:32,841 - __main__ - DEBUG - Received: PLAY
2025-07-14 01:32:32,841 - __main__ - INFO - Sending PLAY_PAUSE (0x4B)
2025-07-14 01:32:33,243 - __main__ - DEBUG - Received: PLAY
2025-07-14 01:32:33,243 - __main__ - INFO - Sending PLAY_PAUSE (0x4B)
2025-07-14 01:32:33,645 - __main__ - ERROR - Error: (0, 'SetForegroundWindow', 'No error message is available')
2025-07-14 01:32:33,645 - __main__ - DEBUG - Received: PLAY
2025-07-14 01:32:33,645 - __main__ - INFO - Sending PLAY_PAUSE (0x4B)
2025-07-14 01:32:33,647 - __main__ - ERROR - Window error: (0, 'SetForegroundWindow', 'No error message is available')
2025-07-14 01:32:33,749 - __main__ - DEBUG - Received: PLAY
2025-07-14 01:32:33,749 - __main__ - INFO - Sending PLAY_PAUSE (0x4B)
2025-07-14 01:32:33,749 - __main__ - ERROR - Window error: (0, 'SetForegroundWindow', 'No error message is available')
2025-07-14 01:32:34,893 - __main__ - DEBUG - Received: PLAY
2025-07-14 01:32:34,893 - __main__ - INFO - Sending PLAY_PAUSE (0x4B)
2025-07-14 01:32:34,893 - __main__ - ERROR - Window error: (0, 'SetForegroundWindow', 'No error message is available')
2025-07-14 01:34:23,695 - __main__ - INFO - Testing keys...
2025-07-14 01:34:23,797 - __main__ - INFO - Starting service...
2025-07-14 01:34:23,812 - __main__ - INFO - Connected to COM3
2025-07-14 01:34:28,477 - __main__ - DEBUG - Received: PLAY
2025-07-14 01:34:28,477 - __main__ - INFO - Sending PLAY_PAUSE (0x4B)
2025-07-14 01:34:29,312 - __main__ - DEBUG - Received: PLAY
2025-07-14 01:34:29,312 - __main__ - INFO - Sending PLAY_PAUSE (0x4B)
2025-07-14 01:34:30,733 - __main__ - DEBUG - Received: PLAY
2025-07-14 01:34:30,733 - __main__ - INFO - Sending PLAY_PAUSE (0x4B)
2025-07-14 01:34:30,734 - __main__ - ERROR - Window error: (0, 'SetForegroundWindow', 'No error message is available')
2025-07-14 01:34:32,259 - __main__ - DEBUG - Received: PLAY
2025-07-14 01:34:32,259 - __main__ - INFO - Sending PLAY_PAUSE (0x4B)
2025-07-14 01:34:32,259 - __main__ - ERROR - Window error: (0, 'SetForegroundWindow', 'No error message is available')
2025-07-14 01:34:33,444 - __main__ - DEBUG - Received: PLAY
2025-07-14 01:34:33,444 - __main__ - INFO - Sending PLAY_PAUSE (0x4B)
2025-07-14 01:34:33,445 - __main__ - ERROR - Window error: (0, 'SetForegroundWindow', 'No error message is available')
2025-07-14 01:34:36,434 - __main__ - DEBUG - Received: PLAY
2025-07-14 01:34:36,434 - __main__ - INFO - Sending PLAY_PAUSE (0x4B)
2025-07-14 01:34:37,623 - __main__ - DEBUG - Received: PLAY
2025-07-14 01:34:37,623 - __main__ - INFO - Sending PLAY_PAUSE (0x4B)
2025-07-14 01:34:38,864 - __main__ - DEBUG - Received: PLAY
2025-07-14 01:34:38,864 - __main__ - INFO - Sending PLAY_PAUSE (0x4B)
2025-07-14 01:34:38,864 - __main__ - ERROR - Window error: (0, 'SetForegroundWindow', 'No error message is available')
2025-07-14 01:34:39,581 - __main__ - DEBUG - Received: PLAY
2025-07-14 01:34:39,581 - __main__ - INFO - Sending PLAY_PAUSE (0x4B)
2025-07-14 01:34:39,581 - __main__ - ERROR - Window error: (0, 'SetForegroundWindow', 'No error message is available')
2025-07-14 01:34:39,951 - __main__ - DEBUG - Received: PLAY
2025-07-14 01:34:39,951 - __main__ - INFO - Sending PLAY_PAUSE (0x4B)
2025-07-14 01:34:39,951 - __main__ - ERROR - Window error: (0, 'SetForegroundWindow', 'No error message is available')
2025-07-14 01:34:40,601 - __main__ - DEBUG - Received: PLAY
2025-07-14 01:34:40,601 - __main__ - INFO - Sending PLAY_PAUSE (0x4B)
2025-07-14 01:34:40,601 - __main__ - ERROR - Window error: (0, 'SetForegroundWindow', 'No error message is available')
2025-07-14 01:34:40,816 - __main__ - DEBUG - Received: PLAY
2025-07-14 01:34:40,816 - __main__ - INFO - Sending PLAY_PAUSE (0x4B)
2025-07-14 01:34:40,816 - __main__ - ERROR - Window error: (0, 'SetForegroundWindow', 'No error message is available')
2025-07-14 01:34:41,931 - __main__ - INFO - Service stopped
2025-07-14 01:34:46,217 - __main__ - INFO - Testing keys...
2025-07-14 01:34:46,319 - __main__ - INFO - Starting service...
2025-07-14 01:34:46,335 - __main__ - INFO - Connected to COM3
2025-07-14 01:34:48,305 - __main__ - DEBUG - Received: PLAY
2025-07-14 01:34:48,305 - __main__ - INFO - Sending PLAY_PAUSE (0x4B)
2025-07-14 01:34:48,707 - __main__ - ERROR - Error: (0, 'SetForegroundWindow', 'No error message is available')
2025-07-14 01:34:51,176 - __main__ - DEBUG - Received: PLAY
2025-07-14 01:34:51,176 - __main__ - INFO - Sending PLAY_PAUSE (0x4B)
2025-07-14 01:34:51,961 - __main__ - DEBUG - Received: PLAY
2025-07-14 01:34:51,961 - __main__ - INFO - Sending PLAY_PAUSE (0x4B)
2025-07-14 01:34:52,992 - __main__ - DEBUG - Received: PLAY
2025-07-14 01:34:52,992 - __main__ - INFO - Sending PLAY_PAUSE (0x4B)
2025-07-14 01:34:53,775 - __main__ - DEBUG - Received: PLAY
2025-07-14 01:34:53,775 - __main__ - INFO - Sending PLAY_PAUSE (0x4B)
2025-07-14 01:34:54,505 - __main__ - DEBUG - Received: PLAY
2025-07-14 01:34:54,505 - __main__ - INFO - Sending PLAY_PAUSE (0x4B)
2025-07-14 01:34:55,102 - __main__ - DEBUG - Received: PLAY
2025-07-14 01:34:55,102 - __main__ - INFO - Sending PLAY_PAUSE (0x4B)
2025-07-14 01:34:55,698 - __main__ - DEBUG - Received: PLAY
2025-07-14 01:34:55,698 - __main__ - INFO - Sending PLAY_PAUSE (0x4B)
2025-07-14 01:34:56,161 - __main__ - DEBUG - Received: PLAY
2025-07-14 01:34:56,161 - __main__ - INFO - Sending PLAY_PAUSE (0x4B)
2025-07-14 01:34:56,564 - __main__ - DEBUG - Received: PLAY
2025-07-14 01:34:56,564 - __main__ - INFO - Sending PLAY_PAUSE (0x4B)
2025-07-14 01:34:57,014 - __main__ - DEBUG - Received: PLAY
2025-07-14 01:34:57,014 - __main__ - INFO - Sending PLAY_PAUSE (0x4B)
2025-07-14 01:34:57,533 - __main__ - DEBUG - Received: PLAY
2025-07-14 01:34:57,533 - __main__ - INFO - Sending PLAY_PAUSE (0x4B)
2025-07-14 01:34:58,107 - __main__ - DEBUG - Received: PLAY
2025-07-14 01:34:58,107 - __main__ - INFO - Sending PLAY_PAUSE (0x4B)
2025-07-14 01:34:58,591 - __main__ - DEBUG - Received: PLAY
2025-07-14 01:34:58,591 - __main__ - INFO - Sending PLAY_PAUSE (0x4B)
2025-07-14 01:34:59,076 - __main__ - DEBUG - Received: PLAY
2025-07-14 01:34:59,076 - __main__ - INFO - Sending PLAY_PAUSE (0x4B)
2025-07-14 01:34:59,589 - __main__ - DEBUG - Received: PLAY
2025-07-14 01:34:59,589 - __main__ - INFO - Sending PLAY_PAUSE (0x4B)
2025-07-14 01:35:00,064 - __main__ - DEBUG - Received: PLAY
2025-07-14 01:35:00,064 - __main__ - INFO - Sending PLAY_PAUSE (0x4B)
2025-07-14 01:35:00,568 - __main__ - DEBUG - Received: PLAY
2025-07-14 01:35:00,568 - __main__ - INFO - Sending PLAY_PAUSE (0x4B)
2025-07-14 01:35:01,080 - __main__ - DEBUG - Received: PLAY
2025-07-14 01:35:01,080 - __main__ - INFO - Sending PLAY_PAUSE (0x4B)
2025-07-14 01:35:01,575 - __main__ - DEBUG - Received: PLAY
2025-07-14 01:35:01,575 - __main__ - INFO - Sending PLAY_PAUSE (0x4B)
2025-07-14 01:35:02,076 - __main__ - DEBUG - Received: PLAY
2025-07-14 01:35:02,076 - __main__ - INFO - Sending PLAY_PAUSE (0x4B)
2025-07-14 01:35:02,605 - __main__ - DEBUG - Received: PLAY
2025-07-14 01:35:02,605 - __main__ - INFO - Sending PLAY_PAUSE (0x4B)
2025-07-14 01:35:03,014 - __main__ - DEBUG - Received: PLAY
2025-07-14 01:35:03,014 - __main__ - INFO - Sending PLAY_PAUSE (0x4B)
2025-07-14 01:35:03,605 - __main__ - DEBUG - Received: PLAY
2025-07-14 01:35:03,605 - __main__ - INFO - Sending PLAY_PAUSE (0x4B)
2025-07-14 01:35:04,076 - __main__ - DEBUG - Received: PLAY
2025-07-14 01:35:04,076 - __main__ - INFO - Sending PLAY_PAUSE (0x4B)
2025-07-14 01:35:04,556 - __main__ - DEBUG - Received: PLAY
2025-07-14 01:35:04,556 - __main__ - INFO - Sending PLAY_PAUSE (0x4B)
2025-07-14 01:35:05,049 - __main__ - DEBUG - Received: PLAY
2025-07-14 01:35:05,050 - __main__ - INFO - Sending PLAY_PAUSE (0x4B)
2025-07-14 01:35:05,579 - __main__ - DEBUG - Received: PLAY
2025-07-14 01:35:05,579 - __main__ - INFO - Sending PLAY_PAUSE (0x4B)
2025-07-14 01:35:06,072 - __main__ - DEBUG - Received: PLAY
2025-07-14 01:35:06,072 - __main__ - INFO - Sending PLAY_PAUSE (0x4B)
2025-07-14 01:35:06,525 - __main__ - DEBUG - Received: PLAY
2025-07-14 01:35:06,525 - __main__ - INFO - Sending PLAY_PAUSE (0x4B)
2025-07-14 01:35:06,927 - __main__ - DEBUG - Received: PLAY
2025-07-14 01:35:06,927 - __main__ - INFO - Sending PLAY_PAUSE (0x4B)
2025-07-14 01:35:07,328 - __main__ - DEBUG - Received: PLAY
2025-07-14 01:35:07,328 - __main__ - INFO - Sending PLAY_PAUSE (0x4B)
2025-07-14 01:35:07,730 - __main__ - DEBUG - Received: PLAY
2025-07-14 01:35:07,730 - __main__ - INFO - Sending PLAY_PAUSE (0x4B)
2025-07-14 01:35:08,131 - __main__ - DEBUG - Received: PLAY
2025-07-14 01:35:08,131 - __main__ - INFO - Sending PLAY_PAUSE (0x4B)
2025-07-14 01:35:08,533 - __main__ - ERROR - Error: (0, 'SetForegroundWindow', 'No error message is available')
2025-07-14 01:35:08,586 - __main__ - DEBUG - Received: PLAY
2025-07-14 01:35:08,586 - __main__ - INFO - Sending PLAY_PAUSE (0x4B)
2025-07-14 01:35:08,587 - __main__ - ERROR - Window error: (0, 'SetForegroundWindow', 'No error message is available')
2025-07-14 01:35:09,083 - __main__ - DEBUG - Received: PLAY
2025-07-14 01:35:09,083 - __main__ - INFO - Sending PLAY_PAUSE (0x4B)
2025-07-14 01:35:09,083 - __main__ - ERROR - Window error: (0, 'SetForegroundWindow', 'No error message is available')
2025-07-14 01:35:09,824 - __main__ - DEBUG - Received: PLAY
2025-07-14 01:35:09,824 - __main__ - INFO - Sending PLAY_PAUSE (0x4B)
2025-07-14 01:35:09,824 - __main__ - ERROR - Window error: (0, 'SetForegroundWindow', 'No error message is available')
2025-07-14 01:35:12,652 - __main__ - DEBUG - Received: PLAY
2025-07-14 01:35:12,652 - __main__ - INFO - Sending PLAY_PAUSE (0x4B)
2025-07-14 01:35:12,652 - __main__ - ERROR - Window error: (0, 'SetForegroundWindow', 'No error message is available')
2025-07-14 01:35:14,957 - __main__ - DEBUG - Received: PLAY
2025-07-14 01:35:14,957 - __main__ - INFO - Sending PLAY_PAUSE (0x4B)
2025-07-14 01:35:14,957 - __main__ - ERROR - Window error: (0, 'SetForegroundWindow', 'No error message is available')
2025-07-14 01:35:17,084 - __main__ - INFO - Service stopped
2025-07-14 01:35:33,804 - __main__ - INFO - Found Yandex Music window: Яндекс Музыка — собираем музыку для вас
2025-07-14 01:35:33,804 - __main__ - INFO - Starting macropad service...
2025-07-14 01:35:33,819 - __main__ - INFO - Connected to COM3
2025-07-14 01:35:36,254 - __main__ - DEBUG - Received: PLAY
2025-07-14 01:35:38,136 - __main__ - DEBUG - Received: PLAY
2025-07-14 01:35:43,525 - __main__ - DEBUG - Received: PLAY
2025-07-14 01:35:45,409 - __main__ - DEBUG - Received: PLAY
2025-07-14 01:35:46,178 - __main__ - DEBUG - Received: PLAY
2025-07-14 01:35:47,010 - __main__ - DEBUG - Received: PLAY
2025-07-14 01:35:47,589 - __main__ - DEBUG - Received: PLAY
2025-07-14 01:35:48,238 - __main__ - DEBUG - Received: PLAY
2025-07-14 01:35:48,765 - __main__ - DEBUG - Received: PLAY
2025-07-14 01:35:49,342 - __main__ - DEBUG - Received: PLAY
2025-07-14 01:35:49,700 - __main__ - DEBUG - Received: PLAY
2025-07-14 01:35:50,018 - __main__ - DEBUG - Received: PLAY
2025-07-14 01:35:51,459 - __main__ - DEBUG - Received: PLAY
2025-07-14 01:35:52,026 - __main__ - DEBUG - Received: PLAY
2025-07-14 01:35:54,374 - __main__ - DEBUG - Received: PLAY
2025-07-14 01:35:54,935 - __main__ - DEBUG - Received: PLAY
2025-07-14 01:35:55,826 - __main__ - DEBUG - Received: PLAY
2025-07-14 01:35:56,579 - __main__ - DEBUG - Received: PLAY
2025-07-14 01:35:57,300 - __main__ - DEBUG - Received: PLAY
2025-07-14 01:35:58,035 - __main__ - DEBUG - Received: PLAY
2025-07-14 01:35:58,844 - __main__ - DEBUG - Received: PLAY
2025-07-14 01:35:59,283 - __main__ - DEBUG - Received: PLAY
2025-07-14 01:35:59,716 - __main__ - DEBUG - Received: PLAY
2025-07-14 01:36:00,070 - __main__ - DEBUG - Received: PLAY
2025-07-14 01:36:00,480 - __main__ - DEBUG - Received: PLAY
2025-07-14 01:36:00,805 - __main__ - DEBUG - Received: PLAY
2025-07-14 01:36:01,220 - __main__ - DEBUG - Received: PLAY
2025-07-14 01:36:01,581 - __main__ - DEBUG - Received: PLAY
2025-07-14 01:36:02,002 - __main__ - DEBUG - Received: PLAY
2025-07-14 01:36:02,342 - __main__ - DEBUG - Received: PLAY
2025-07-14 01:36:02,695 - __main__ - DEBUG - Received: PLAY
2025-07-14 01:36:03,231 - __main__ - DEBUG - Received: PLAY
2025-07-14 01:36:03,460 - __main__ - DEBUG - Received: PLAY
2025-07-14 01:36:03,681 - __main__ - DEBUG - Received: PLAY
2025-07-14 01:36:03,903 - __main__ - DEBUG - Received: PLAY
2025-07-14 01:36:04,108 - __main__ - DEBUG - Received: PLAY
2025-07-14 01:36:04,296 - __main__ - DEBUG - Received: PLAY
2025-07-14 01:36:04,489 - __main__ - DEBUG - Received: PLAY
2025-07-14 01:36:04,656 - __main__ - DEBUG - Received: PLAY
2025-07-14 01:36:04,852 - __main__ - DEBUG - Received: PLAY
2025-07-14 01:36:05,053 - __main__ - DEBUG - Received: PLAY
2025-07-14 01:36:05,353 - __main__ - DEBUG - Received: PLAY
2025-07-14 01:36:06,258 - __main__ - DEBUG - Received: PLAY
2025-07-14 01:36:06,487 - __main__ - DEBUG - Received: PLAY
2025-07-14 01:36:06,668 - __main__ - DEBUG - Received: PLAY
2025-07-14 01:36:06,867 - __main__ - DEBUG - Received: PLAY
2025-07-14 01:36:09,888 - __main__ - DEBUG - Received: PLAY
2025-07-14 01:36:10,456 - __main__ - DEBUG - Received: PLAY
2025-07-14 01:36:10,847 - __main__ - DEBUG - Received: PLAY
2025-07-14 01:36:11,264 - __main__ - DEBUG - Received: PLAY
2025-07-14 01:36:11,634 - __main__ - DEBUG - Received: PLAY
2025-07-14 01:36:12,016 - __main__ - DEBUG - Received: PLAY
2025-07-14 01:36:12,371 - __main__ - DEBUG - Received: PLAY
2025-07-14 01:36:12,774 - __main__ - DEBUG - Received: PLAY
2025-07-14 01:36:13,115 - __main__ - DEBUG - Received: PLAY
2025-07-14 01:36:34,936 - __main__ - INFO - Found Yandex Music window: Яндекс Музыка — собираем музыку для вас
2025-07-14 01:36:34,936 - __main__ - INFO - Starting macropad service...
2025-07-14 01:36:34,951 - __main__ - INFO - Connected to COM3
2025-07-14 01:36:38,069 - __main__ - DEBUG - Received: PLAY
2025-07-14 01:36:38,069 - __main__ - ERROR - Ошибка отправки клавиши: (0, 'SetForegroundWindow', 'No error message is available')
2025-07-14 01:36:38,069 - __main__ - WARNING - Failed to send 75 to Yandex Music
2025-07-14 01:36:39,346 - __main__ - DEBUG - Received: PLAY
2025-07-14 01:36:39,346 - __main__ - ERROR - Ошибка отправки клавиши: (0, 'SetForegroundWindow', 'No error message is available')
2025-07-14 01:36:39,346 - __main__ - WARNING - Failed to send 75 to Yandex Music
2025-07-14 01:36:40,987 - __main__ - DEBUG - Received: PLAY
2025-07-14 01:36:40,987 - __main__ - ERROR - Ошибка отправки клавиши: (0, 'SetForegroundWindow', 'No error message is available')
2025-07-14 01:36:40,987 - __main__ - WARNING - Failed to send 75 to Yandex Music
2025-07-14 01:36:42,773 - __main__ - DEBUG - Received: PLAY
2025-07-14 01:36:42,825 - __main__ - INFO - Successfully sent 75 to Yandex Music
2025-07-14 01:36:43,807 - __main__ - DEBUG - Received: PLAY
2025-07-14 01:36:43,859 - __main__ - INFO - Successfully sent 75 to Yandex Music
2025-07-14 01:36:46,008 - __main__ - DEBUG - Received: PLAY
2025-07-14 01:36:46,059 - __main__ - INFO - Successfully sent 75 to Yandex Music
2025-07-14 01:36:46,632 - __main__ - DEBUG - Received: PLAY
2025-07-14 01:36:46,684 - __main__ - INFO - Successfully sent 75 to Yandex Music
2025-07-14 01:36:46,929 - __main__ - DEBUG - Received: PLAY
2025-07-14 01:36:46,981 - __main__ - INFO - Successfully sent 75 to Yandex Music
2025-07-14 01:36:47,156 - __main__ - DEBUG - Received: PLAY
2025-07-14 01:36:47,207 - __main__ - INFO - Successfully sent 75 to Yandex Music
2025-07-14 01:36:47,379 - __main__ - DEBUG - Received: PLAY
2025-07-14 01:36:47,430 - __main__ - INFO - Successfully sent 75 to Yandex Music
2025-07-14 01:36:47,605 - __main__ - DEBUG - Received: PLAY
2025-07-14 01:36:47,655 - __main__ - INFO - Successfully sent 75 to Yandex Music
2025-07-14 01:36:47,847 - __main__ - DEBUG - Received: PLAY
2025-07-14 01:36:47,898 - __main__ - INFO - Successfully sent 75 to Yandex Music
2025-07-14 01:36:48,453 - __main__ - DEBUG - Received: PLAY
2025-07-14 01:36:48,504 - __main__ - INFO - Successfully sent 75 to Yandex Music
2025-07-14 01:36:49,292 - __main__ - DEBUG - Received: PLAY
2025-07-14 01:36:49,352 - __main__ - INFO - Successfully sent 75 to Yandex Music
2025-07-14 01:36:50,274 - __main__ - DEBUG - Received: PLAY
2025-07-14 01:36:50,329 - __main__ - INFO - Successfully sent 75 to Yandex Music
2025-07-14 01:36:51,150 - __main__ - DEBUG - Received: PLAY
2025-07-14 01:36:51,205 - __main__ - INFO - Successfully sent 75 to Yandex Music
2025-07-14 01:36:51,567 - __main__ - DEBUG - Received: PLAY
2025-07-14 01:36:51,621 - __main__ - INFO - Successfully sent 75 to Yandex Music
2025-07-14 01:36:51,949 - __main__ - DEBUG - Received: PLAY
2025-07-14 01:36:52,004 - __main__ - INFO - Successfully sent 75 to Yandex Music
2025-07-14 01:36:52,325 - __main__ - DEBUG - Received: PLAY
2025-07-14 01:36:52,379 - __main__ - INFO - Successfully sent 75 to Yandex Music
2025-07-14 01:36:52,740 - __main__ - DEBUG - Received: PLAY
2025-07-14 01:36:52,794 - __main__ - INFO - Successfully sent 75 to Yandex Music
2025-07-14 01:36:53,123 - __main__ - DEBUG - Received: PLAY
2025-07-14 01:36:53,178 - __main__ - INFO - Successfully sent 75 to Yandex Music
2025-07-14 01:36:53,479 - __main__ - DEBUG - Received: PLAY
2025-07-14 01:36:53,533 - __main__ - INFO - Successfully sent 75 to Yandex Music
2025-07-14 01:36:55,547 - __main__ - INFO - Service stopped by user
2025-07-14 01:37:03,678 - __main__ - INFO - Found Yandex Music window: Яндекс Музыка — собираем музыку для вас
2025-07-14 01:37:03,678 - __main__ - INFO - Starting macropad service...
2025-07-14 01:37:03,694 - __main__ - INFO - Connected to COM3
2025-07-14 01:37:06,858 - __main__ - DEBUG - Received: PLAY
2025-07-14 01:37:07,013 - __main__ - INFO - Successfully sent 75 to Yandex Music
2025-07-14 01:37:07,721 - __main__ - DEBUG - Received: PLAY
2025-07-14 01:37:07,874 - __main__ - INFO - Successfully sent 75 to Yandex Music
2025-07-14 01:37:08,537 - __main__ - DEBUG - Received: PLAY
2025-07-14 01:37:08,692 - __main__ - INFO - Successfully sent 75 to Yandex Music
2025-07-14 01:37:08,918 - __main__ - DEBUG - Received: PLAY
2025-07-14 01:37:09,072 - __main__ - INFO - Successfully sent 75 to Yandex Music
2025-07-14 01:37:09,256 - __main__ - DEBUG - Received: PLAY
2025-07-14 01:37:09,411 - __main__ - INFO - Successfully sent 75 to Yandex Music
2025-07-14 01:37:09,525 - __main__ - DEBUG - Received: PLAY
2025-07-14 01:37:09,679 - __main__ - INFO - Successfully sent 75 to Yandex Music
2025-07-14 01:37:09,736 - __main__ - DEBUG - Received: PLAY
2025-07-14 01:37:09,892 - __main__ - INFO - Successfully sent 75 to Yandex Music
2025-07-14 01:37:09,919 - __main__ - DEBUG - Received: PLAY
2025-07-14 01:37:10,072 - __main__ - INFO - Successfully sent 75 to Yandex Music
2025-07-14 01:37:10,091 - __main__ - DEBUG - Received: PLAY
2025-07-14 01:37:10,245 - __main__ - INFO - Successfully sent 75 to Yandex Music
2025-07-14 01:37:10,262 - __main__ - DEBUG - Received: PLAY
2025-07-14 01:37:10,416 - __main__ - INFO - Successfully sent 75 to Yandex Music
2025-07-14 01:37:11,428 - __main__ - INFO - Service stopped by user
2025-07-14 01:37:24,278 - __main__ - INFO - Found Yandex Music window: Яндекс Музыка — собираем музыку для вас
2025-07-14 01:37:24,278 - __main__ - INFO - Starting macropad service...
2025-07-14 01:37:24,294 - __main__ - INFO - Connected to COM3
2025-07-14 01:37:27,000 - __main__ - DEBUG - Received: PLAY
2025-07-14 01:37:28,502 - __main__ - INFO - Successfully sent 75 to Yandex Music
2025-07-14 01:37:28,502 - __main__ - DEBUG - Received: PLAY
2025-07-14 01:37:30,004 - __main__ - INFO - Successfully sent 75 to Yandex Music
2025-07-14 01:37:30,004 - __main__ - DEBUG - Received: PLAY
2025-07-14 01:37:31,508 - __main__ - INFO - Successfully sent 75 to Yandex Music
2025-07-14 01:37:31,508 - __main__ - DEBUG - Received: PLAY
2025-07-14 01:37:33,010 - __main__ - INFO - Successfully sent 75 to Yandex Music
2025-07-14 01:37:33,010 - __main__ - DEBUG - Received: PLAY
2025-07-14 01:37:34,512 - __main__ - INFO - Successfully sent 75 to Yandex Music
2025-07-14 01:37:34,512 - __main__ - DEBUG - Received: PLAY
2025-07-14 01:37:36,015 - __main__ - INFO - Successfully sent 75 to Yandex Music
2025-07-14 01:37:36,670 - __main__ - DEBUG - Received: PLAY
2025-07-14 01:37:38,171 - __main__ - INFO - Successfully sent 75 to Yandex Music
2025-07-14 01:37:38,694 - __main__ - DEBUG - Received: PLAY
2025-07-14 01:37:40,196 - __main__ - INFO - Successfully sent 75 to Yandex Music
2025-07-14 01:37:40,683 - __main__ - DEBUG - Received: PLAY
2025-07-14 01:37:42,184 - __main__ - INFO - Successfully sent 75 to Yandex Music
2025-07-14 01:37:42,618 - __main__ - DEBUG - Received: PLAY
2025-07-14 01:37:44,119 - __main__ - INFO - Successfully sent 75 to Yandex Music
2025-07-14 01:37:44,494 - __main__ - DEBUG - Received: PLAY
2025-07-14 01:37:45,997 - __main__ - INFO - Successfully sent 75 to Yandex Music
2025-07-14 01:39:09,429 - __main__ - INFO - Found Yandex Music window: Яндекс Музыка — собираем музыку для вас
2025-07-14 01:39:09,429 - __main__ - INFO - Starting macropad service...
2025-07-14 01:39:09,444 - __main__ - INFO - Connected to COM3
2025-07-14 01:39:12,316 - __main__ - DEBUG - Received: PLAY
2025-07-14 01:39:13,817 - __main__ - INFO - Successfully sent 179 to Yandex Music
2025-07-14 01:39:13,817 - __main__ - DEBUG - Received: PLAY
2025-07-14 01:39:15,320 - __main__ - INFO - Successfully sent 179 to Yandex Music
2025-07-14 01:39:15,320 - __main__ - DEBUG - Received: PLAY
2025-07-14 01:39:16,823 - __main__ - INFO - Successfully sent 179 to Yandex Music
2025-07-14 01:39:17,130 - __main__ - DEBUG - Received: PLAY
2025-07-14 01:39:18,631 - __main__ - INFO - Successfully sent 179 to Yandex Music
2025-07-14 01:39:19,663 - __main__ - DEBUG - Received: PLAY
2025-07-14 01:39:21,164 - __main__ - INFO - Successfully sent 179 to Yandex Music
2025-07-14 01:39:22,171 - __main__ - INFO - Service stopped by user
2025-07-14 01:41:11,396 - __main__ - INFO - Starting macropad service...
2025-07-14 01:41:11,397 - __main__ - INFO - Yandex Music window found
2025-07-14 01:41:11,412 - __main__ - INFO - Connected to COM3
2025-07-14 01:41:13,693 - __main__ - DEBUG - Received: PLAY
2025-07-14 01:41:13,845 - __main__ - INFO - Sent PLAY command to Yandex Music
2025-07-14 01:41:16,751 - __main__ - DEBUG - Received: PLAY
2025-07-14 01:41:16,903 - __main__ - INFO - Sent PLAY command to Yandex Music
2025-07-14 01:41:18,183 - __main__ - DEBUG - Received: PLAY
2025-07-14 01:41:18,334 - __main__ - INFO - Sent PLAY command to Yandex Music
2025-07-14 01:41:19,113 - __main__ - DEBUG - Received: PLAY
2025-07-14 01:41:19,264 - __main__ - INFO - Sent PLAY command to Yandex Music
2025-07-14 01:41:19,803 - __main__ - DEBUG - Received: PLAY
2025-07-14 01:41:19,955 - __main__ - INFO - Sent PLAY command to Yandex Music
2025-07-14 01:41:20,040 - __main__ - DEBUG - Received: PLAY
2025-07-14 01:41:20,191 - __main__ - INFO - Sent PLAY command to Yandex Music
2025-07-14 01:41:20,248 - __main__ - DEBUG - Received: PLAY
2025-07-14 01:41:20,400 - __main__ - INFO - Sent PLAY command to Yandex Music
2025-07-14 01:41:20,436 - __main__ - DEBUG - Received: PLAY
2025-07-14 01:41:20,587 - __main__ - INFO - Sent PLAY command to Yandex Music
2025-07-14 01:41:20,613 - __main__ - DEBUG - Received: PLAY
2025-07-14 01:41:20,764 - __main__ - INFO - Sent PLAY command to Yandex Music
2025-07-14 01:41:20,814 - __main__ - DEBUG - Received: PLAY
2025-07-14 01:41:20,966 - __main__ - INFO - Sent PLAY command to Yandex Music
2025-07-14 01:41:20,978 - __main__ - DEBUG - Received: PLAY
2025-07-14 01:41:21,130 - __main__ - INFO - Sent PLAY command to Yandex Music
2025-07-14 01:41:21,164 - __main__ - DEBUG - Received: PLAY
2025-07-14 01:41:21,315 - __main__ - INFO - Sent PLAY command to Yandex Music
2025-07-14 01:41:21,353 - __main__ - DEBUG - Received: PLAY
2025-07-14 01:41:21,504 - __main__ - INFO - Sent PLAY command to Yandex Music
2025-07-14 01:41:21,523 - __main__ - DEBUG - Received: PLAY
2025-07-14 01:41:21,674 - __main__ - INFO - Sent PLAY command to Yandex Music
2025-07-14 01:41:21,714 - __main__ - DEBUG - Received: PLAY
2025-07-14 01:41:21,865 - __main__ - INFO - Sent PLAY command to Yandex Music
2025-07-14 01:41:21,905 - __main__ - DEBUG - Received: PLAY
2025-07-14 01:41:22,057 - __main__ - INFO - Sent PLAY command to Yandex Music
2025-07-14 01:41:22,087 - __main__ - DEBUG - Received: PLAY
2025-07-14 01:41:22,238 - __main__ - INFO - Sent PLAY command to Yandex Music
2025-07-14 01:41:22,270 - __main__ - DEBUG - Received: PLAY
2025-07-14 01:41:22,421 - __main__ - INFO - Sent PLAY command to Yandex Music
2025-07-14 01:41:22,453 - __main__ - DEBUG - Received: PLAY
2025-07-14 01:41:22,604 - __main__ - INFO - Sent PLAY command to Yandex Music
2025-07-14 01:41:23,003 - __main__ - DEBUG - Received: PLAY
2025-07-14 01:41:23,154 - __main__ - INFO - Sent PLAY command to Yandex Music
2025-07-14 01:41:23,630 - __main__ - DEBUG - Received: PLAY
2025-07-14 01:41:23,782 - __main__ - INFO - Sent PLAY command to Yandex Music
2025-07-14 01:41:24,168 - __main__ - DEBUG - Received: PLAY
2025-07-14 01:41:24,320 - __main__ - INFO - Sent PLAY command to Yandex Music
2025-07-14 01:41:24,614 - __main__ - DEBUG - Received: PLAY
2025-07-14 01:41:24,766 - __main__ - INFO - Sent PLAY command to Yandex Music
2025-07-14 01:41:25,100 - __main__ - DEBUG - Received: PLAY
2025-07-14 01:41:25,252 - __main__ - INFO - Sent PLAY command to Yandex Music
2025-07-14 01:43:33,168 - __main__ - INFO - Starting macropad service...
2025-07-14 01:43:33,169 - __main__ - INFO - Yandex Music window found
2025-07-14 01:43:33,184 - __main__ - INFO - Connected to COM3
2025-07-14 01:44:24,793 - __main__ - INFO - Starting macropad service...
2025-07-14 01:44:24,794 - __main__ - INFO - Yandex Music window found
2025-07-14 01:44:24,809 - __main__ - INFO - Connected to COM3
2025-07-14 01:44:30,750 - __main__ - DEBUG - Received: PLAY
2025-07-14 01:45:44,367 - __main__ - INFO - Service stopped by user
